2016-08-01 01:36:13 [org.springframework.test.context.junit4.SpringJUnit4ClassRunner:105] - SpringJUnit4ClassRunner constructor called with [class com.crm.dao.test.MyBatisTest].
2016-08-01 01:36:13 [org.springframework.test.context.support.AbstractDelegatingSmartContextLoader:89] - Delegating to GenericXmlContextLoader to process context configuration [ContextConfigurationAttributes@1f8326b8 declaringClass = 'com.crm.dao.test.MyBatisTest', locations = '{classpath:config/spring-mybatis.xml}', classes = '{}', inheritLocations = true, initializers = '{}', inheritInitializers = true, name = [null], contextLoaderClass = 'org.springframework.test.context.ContextLoader'].
2016-08-01 01:36:13 [org.springframework.test.context.ContextLoaderUtils:502] - Could not find an 'annotation declaring class' for annotation type [org.springframework.test.context.ActiveProfiles] and class [com.crm.dao.test.MyBatisTest]
2016-08-01 01:36:13 [org.springframework.test.annotation.ProfileValueUtils:70] - Retrieved @ProfileValueSourceConfiguration [null] for test class [com.crm.dao.test.MyBatisTest]
2016-08-01 01:36:13 [org.springframework.test.annotation.ProfileValueUtils:82] - Retrieved ProfileValueSource type [class org.springframework.test.annotation.SystemProfileValueSource] for class [com.crm.dao.test.MyBatisTest]
2016-08-01 01:36:13 [org.springframework.test.annotation.ProfileValueUtils:70] - Retrieved @ProfileValueSourceConfiguration [null] for test class [com.crm.dao.test.MyBatisTest]
2016-08-01 01:36:13 [org.springframework.test.annotation.ProfileValueUtils:82] - Retrieved ProfileValueSource type [class org.springframework.test.annotation.SystemProfileValueSource] for class [com.crm.dao.test.MyBatisTest]
2016-08-01 01:36:13 [org.springframework.test.annotation.ProfileValueUtils:70] - Retrieved @ProfileValueSourceConfiguration [null] for test class [com.crm.dao.test.MyBatisTest]
2016-08-01 01:36:13 [org.springframework.test.annotation.ProfileValueUtils:82] - Retrieved ProfileValueSource type [class org.springframework.test.annotation.SystemProfileValueSource] for class [com.crm.dao.test.MyBatisTest]
2016-08-01 01:36:13 [org.springframework.test.annotation.ProfileValueUtils:70] - Retrieved @ProfileValueSourceConfiguration [null] for test class [com.crm.dao.test.MyBatisTest]
2016-08-01 01:36:13 [org.springframework.test.annotation.ProfileValueUtils:82] - Retrieved ProfileValueSource type [class org.springframework.test.annotation.SystemProfileValueSource] for class [com.crm.dao.test.MyBatisTest]
2016-08-01 01:36:13 [org.springframework.test.annotation.ProfileValueUtils:70] - Retrieved @ProfileValueSourceConfiguration [null] for test class [com.crm.dao.test.MyBatisTest]
2016-08-01 01:36:13 [org.springframework.test.annotation.ProfileValueUtils:82] - Retrieved ProfileValueSource type [class org.springframework.test.annotation.SystemProfileValueSource] for class [com.crm.dao.test.MyBatisTest]
2016-08-01 01:36:13 [org.springframework.test.annotation.ProfileValueUtils:70] - Retrieved @ProfileValueSourceConfiguration [null] for test class [com.crm.dao.test.MyBatisTest]
2016-08-01 01:36:13 [org.springframework.test.annotation.ProfileValueUtils:82] - Retrieved ProfileValueSource type [class org.springframework.test.annotation.SystemProfileValueSource] for class [com.crm.dao.test.MyBatisTest]
2016-08-01 01:36:13 [org.springframework.test.context.support.DependencyInjectionTestExecutionListener:73] - Performing dependency injection for test context [[DefaultTestContext@50246923 testClass = MyBatisTest, testInstance = com.crm.dao.test.MyBatisTest@672a1f0, testMethod = [null], testException = [null], mergedContextConfiguration = [MergedContextConfiguration@4fe596de testClass = MyBatisTest, locations = '{classpath:config/spring-mybatis.xml}', classes = '{}', contextInitializerClasses = '[]', activeProfiles = '{}', contextLoader = 'org.springframework.test.context.support.DelegatingSmartContextLoader', parent = [null]]]].
2016-08-01 01:36:13 [org.springframework.test.context.support.AbstractDelegatingSmartContextLoader:98] - Delegating to GenericXmlContextLoader to load context from [MergedContextConfiguration@4fe596de testClass = MyBatisTest, locations = '{classpath:config/spring-mybatis.xml}', classes = '{}', contextInitializerClasses = '[]', activeProfiles = '{}', contextLoader = 'org.springframework.test.context.support.DelegatingSmartContextLoader', parent = [null]].
2016-08-01 01:36:13 [org.springframework.test.context.support.AbstractGenericContextLoader:107] - Loading ApplicationContext for merged context configuration [[MergedContextConfiguration@4fe596de testClass = MyBatisTest, locations = '{classpath:config/spring-mybatis.xml}', classes = '{}', contextInitializerClasses = '[]', activeProfiles = '{}', contextLoader = 'org.springframework.test.context.support.DelegatingSmartContextLoader', parent = [null]]].
2016-08-01 01:36:13 [org.springframework.core.env.MutablePropertySources:110] - Adding [systemProperties] PropertySource with lowest search precedence
2016-08-01 01:36:13 [org.springframework.core.env.MutablePropertySources:110] - Adding [systemEnvironment] PropertySource with lowest search precedence
2016-08-01 01:36:13 [org.springframework.core.env.AbstractEnvironment:126] - Initialized StandardEnvironment with PropertySources [systemProperties,systemEnvironment]
2016-08-01 01:36:14 [org.springframework.beans.factory.xml.DefaultDocumentLoader:73] - Using JAXP provider [com.sun.org.apache.xerces.internal.jaxp.DocumentBuilderFactoryImpl]
2016-08-01 01:36:14 [org.springframework.beans.factory.xml.PluggableSchemaResolver:141] - Loading schema mappings from [META-INF/spring.schemas]
2016-08-01 01:36:14 [org.springframework.beans.factory.xml.PluggableSchemaResolver:147] - Loaded schema mappings: {http://www.springframework.org/schema/tx/spring-tx-2.5.xsd=org/springframework/transaction/config/spring-tx-2.5.xsd, http://www.springframework.org/schema/context/spring-context-3.1.xsd=org/springframework/context/config/spring-context-3.1.xsd, http://www.springframework.org/schema/util/spring-util-3.0.xsd=org/springframework/beans/factory/xml/spring-util-3.0.xsd, http://www.springframework.org/schema/security/spring-security-oauth2-1.0.xsd=org/springframework/security/oauth2/spring-security-oauth2-1.0.xsd, http://www.springframework.org/schema/tool/spring-tool.xsd=org/springframework/beans/factory/xml/spring-tool-4.0.xsd, http://www.springframework.org/schema/aop/spring-aop-3.2.xsd=org/springframework/aop/config/spring-aop-3.2.xsd, http://mybatis.org/schema/mybatis-spring-1.2.xsd=org/mybatis/spring/config/mybatis-spring-1.2.xsd, http://www.springframework.org/schema/redis/spring-redis.xsd=org/springframework/data/redis/config/spring-redis-1.0.xsd, http://www.springframework.org/schema/context/spring-context-4.0.xsd=org/springframework/context/config/spring-context-4.0.xsd, http://www.springframework.org/schema/mvc/spring-mvc-3.2.xsd=org/springframework/web/servlet/config/spring-mvc-3.2.xsd, http://www.springframework.org/schema/oxm/spring-oxm-3.0.xsd=org/springframework/oxm/config/spring-oxm-3.0.xsd, http://www.springframework.org/schema/lang/spring-lang-3.2.xsd=org/springframework/scripting/config/spring-lang-3.2.xsd, http://www.springframework.org/schema/cache/spring-cache-3.2.xsd=org/springframework/cache/config/spring-cache-3.2.xsd, http://www.springframework.org/schema/jdbc/spring-jdbc-3.1.xsd=org/springframework/jdbc/config/spring-jdbc-3.1.xsd, http://www.springframework.org/schema/util/spring-util-2.0.xsd=org/springframework/beans/factory/xml/spring-util-2.0.xsd, http://www.springframework.org/schema/tool/spring-tool-3.2.xsd=org/springframework/beans/factory/xml/spring-tool-3.2.xsd, http://www.springframework.org/schema/context/spring-context.xsd=org/springframework/context/config/spring-context-4.0.xsd, http://www.springframework.org/schema/aop/spring-aop-4.0.xsd=org/springframework/aop/config/spring-aop-4.0.xsd, http://www.springframework.org/schema/jee/spring-jee-3.2.xsd=org/springframework/ejb/config/spring-jee-3.2.xsd, http://www.springframework.org/schema/context/spring-context-3.0.xsd=org/springframework/context/config/spring-context-3.0.xsd, http://www.springframework.org/schema/jdbc/spring-jdbc-4.0.xsd=org/springframework/jdbc/config/spring-jdbc-4.0.xsd, http://www.springframework.org/schema/mvc/spring-mvc-4.0.xsd=org/springframework/web/servlet/config/spring-mvc-4.0.xsd, http://www.springframework.org/schema/util/spring-util-2.5.xsd=org/springframework/beans/factory/xml/spring-util-2.5.xsd, http://www.springframework.org/schema/beans/spring-beans-3.2.xsd=org/springframework/beans/factory/xml/spring-beans-3.2.xsd, http://www.springframework.org/schema/aop/spring-aop-3.1.xsd=org/springframework/aop/config/spring-aop-3.1.xsd, http://www.springframework.org/schema/lang/spring-lang-4.0.xsd=org/springframework/scripting/config/spring-lang-4.0.xsd, http://www.springframework.org/schema/mvc/spring-mvc.xsd=org/springframework/web/servlet/config/spring-mvc-4.0.xsd, http://www.springframework.org/schema/mvc/spring-mvc-3.1.xsd=org/springframework/web/servlet/config/spring-mvc-3.1.xsd, http://www.springframework.org/schema/redis/spring-redis-1.0.xsd=org/springframework/data/redis/config/spring-redis-1.0.xsd, http://www.springframework.org/schema/tool/spring-tool-4.0.xsd=org/springframework/beans/factory/xml/spring-tool-4.0.xsd, http://www.springframework.org/schema/tx/spring-tx-3.2.xsd=org/springframework/transaction/config/spring-tx-3.2.xsd, http://www.springframework.org/schema/lang/spring-lang-3.1.xsd=org/springframework/scripting/config/spring-lang-3.1.xsd, http://www.springframework.org/schema/cache/spring-cache-3.1.xsd=org/springframework/cache/config/spring-cache-3.1.xsd, http://www.springframework.org/schema/jee/spring-jee-4.0.xsd=org/springframework/ejb/config/spring-jee-4.0.xsd, http://www.springframework.org/schema/jdbc/spring-jdbc-3.0.xsd=org/springframework/jdbc/config/spring-jdbc-3.0.xsd, http://www.springframework.org/schema/jdbc/spring-jdbc.xsd=org/springframework/jdbc/config/spring-jdbc-4.0.xsd, http://www.springframework.org/schema/tool/spring-tool-3.1.xsd=org/springframework/beans/factory/xml/spring-tool-3.1.xsd, http://www.springframework.org/schema/cache/spring-cache-4.0.xsd=org/springframework/cache/config/spring-cache-4.0.xsd, http://www.springframework.org/schema/jee/spring-jee-3.1.xsd=org/springframework/ejb/config/spring-jee-3.1.xsd, http://www.springframework.org/schema/task/spring-task-3.2.xsd=org/springframework/scheduling/config/spring-task-3.2.xsd, http://www.springframework.org/schema/beans/spring-beans-3.1.xsd=org/springframework/beans/factory/xml/spring-beans-3.1.xsd, http://www.springframework.org/schema/util/spring-util.xsd=org/springframework/beans/factory/xml/spring-util-4.0.xsd, http://www.springframework.org/schema/aop/spring-aop-3.0.xsd=org/springframework/aop/config/spring-aop-3.0.xsd, http://www.springframework.org/schema/mvc/spring-mvc-3.0.xsd=org/springframework/web/servlet/config/spring-mvc-3.0.xsd, http://www.springframework.org/schema/beans/spring-beans-4.0.xsd=org/springframework/beans/factory/xml/spring-beans-4.0.xsd, http://www.springframework.org/schema/beans/spring-beans.xsd=org/springframework/beans/factory/xml/spring-beans-4.0.xsd, http://www.springframework.org/schema/tx/spring-tx-3.1.xsd=org/springframework/transaction/config/spring-tx-3.1.xsd, http://www.springframework.org/schema/lang/spring-lang-3.0.xsd=org/springframework/scripting/config/spring-lang-3.0.xsd, http://mybatis.org/schema/mybatis-spring.xsd=org/mybatis/spring/config/mybatis-spring-1.2.xsd, http://www.springframework.org/schema/context/spring-context-2.5.xsd=org/springframework/context/config/spring-context-2.5.xsd, http://www.springframework.org/schema/task/spring-task-4.0.xsd=org/springframework/scheduling/config/spring-task-4.0.xsd, http://www.springframework.org/schema/tool/spring-tool-3.0.xsd=org/springframework/beans/factory/xml/spring-tool-3.0.xsd, http://www.springframework.org/schema/tx/spring-tx-4.0.xsd=org/springframework/transaction/config/spring-tx-4.0.xsd, http://www.springframework.org/schema/security/spring-security-oauth2.xsd=org/springframework/security/oauth2/spring-security-oauth2-2.0.xsd, http://www.springframework.org/schema/aop/spring-aop-2.0.xsd=org/springframework/aop/config/spring-aop-2.0.xsd, http://www.springframework.org/schema/jee/spring-jee-3.0.xsd=org/springframework/ejb/config/spring-jee-3.0.xsd, http://www.springframework.org/schema/task/spring-task-3.1.xsd=org/springframework/scheduling/config/spring-task-3.1.xsd, http://www.springframework.org/schema/beans/spring-beans-3.0.xsd=org/springframework/beans/factory/xml/spring-beans-3.0.xsd, http://www.springframework.org/schema/jee/spring-jee.xsd=org/springframework/ejb/config/spring-jee-4.0.xsd, http://www.springframework.org/schema/aop/spring-aop-2.5.xsd=org/springframework/aop/config/spring-aop-2.5.xsd, http://www.springframework.org/schema/lang/spring-lang-2.0.xsd=org/springframework/scripting/config/spring-lang-2.0.xsd, http://www.springframework.org/schema/oxm/spring-oxm.xsd=org/springframework/oxm/config/spring-oxm-4.0.xsd, http://www.springframework.org/schema/util/spring-util-3.2.xsd=org/springframework/beans/factory/xml/spring-util-3.2.xsd, http://www.springframework.org/schema/task/spring-task.xsd=org/springframework/scheduling/config/spring-task-4.0.xsd, http://www.springframework.org/schema/tool/spring-tool-2.0.xsd=org/springframework/beans/factory/xml/spring-tool-2.0.xsd, http://www.springframework.org/schema/tx/spring-tx-3.0.xsd=org/springframework/transaction/config/spring-tx-3.0.xsd, http://www.springframework.org/schema/lang/spring-lang-2.5.xsd=org/springframework/scripting/config/spring-lang-2.5.xsd, http://www.springframework.org/schema/jee/spring-jee-2.0.xsd=org/springframework/ejb/config/spring-jee-2.0.xsd, http://www.springframework.org/schema/oxm/spring-oxm-3.2.xsd=org/springframework/oxm/config/spring-oxm-3.2.xsd, http://www.springframework.org/schema/tool/spring-tool-2.5.xsd=org/springframework/beans/factory/xml/spring-tool-2.5.xsd, http://www.springframework.org/schema/jee/spring-jee-2.5.xsd=org/springframework/ejb/config/spring-jee-2.5.xsd, http://www.springframework.org/schema/util/spring-util-4.0.xsd=org/springframework/beans/factory/xml/spring-util-4.0.xsd, http://www.springframework.org/schema/task/spring-task-3.0.xsd=org/springframework/scheduling/config/spring-task-3.0.xsd, http://www.springframework.org/schema/security/spring-security-oauth2-2.0.xsd=org/springframework/security/oauth2/spring-security-oauth2-2.0.xsd, http://www.springframework.org/schema/lang/spring-lang.xsd=org/springframework/scripting/config/spring-lang-4.0.xsd, http://www.springframework.org/schema/context/spring-context-3.2.xsd=org/springframework/context/config/spring-context-3.2.xsd, http://www.springframework.org/schema/util/spring-util-3.1.xsd=org/springframework/beans/factory/xml/spring-util-3.1.xsd, http://www.springframework.org/schema/beans/spring-beans-2.0.xsd=org/springframework/beans/factory/xml/spring-beans-2.0.xsd, http://www.springframework.org/schema/oxm/spring-oxm-4.0.xsd=org/springframework/oxm/config/spring-oxm-4.0.xsd, http://www.springframework.org/schema/cache/spring-cache.xsd=org/springframework/cache/config/spring-cache-4.0.xsd, http://www.springframework.org/schema/tx/spring-tx.xsd=org/springframework/transaction/config/spring-tx-4.0.xsd, http://www.springframework.org/schema/beans/spring-beans-2.5.xsd=org/springframework/beans/factory/xml/spring-beans-2.5.xsd, http://www.springframework.org/schema/oxm/spring-oxm-3.1.xsd=org/springframework/oxm/config/spring-oxm-3.1.xsd, http://www.springframework.org/schema/tx/spring-tx-2.0.xsd=org/springframework/transaction/config/spring-tx-2.0.xsd, http://www.springframework.org/schema/jdbc/spring-jdbc-3.2.xsd=org/springframework/jdbc/config/spring-jdbc-3.2.xsd, http://www.springframework.org/schema/aop/spring-aop.xsd=org/springframework/aop/config/spring-aop-4.0.xsd}
2016-08-01 01:36:14 [org.springframework.beans.factory.xml.PluggableSchemaResolver:119] - Found XML schema [http://www.springframework.org/schema/beans/spring-beans.xsd] in classpath: org/springframework/beans/factory/xml/spring-beans-4.0.xsd
2016-08-01 01:36:14 [org.springframework.beans.factory.xml.PluggableSchemaResolver:119] - Found XML schema [http://mybatis.org/schema/mybatis-spring.xsd] in classpath: org/mybatis/spring/config/mybatis-spring-1.2.xsd
2016-08-01 01:36:14 [org.springframework.beans.factory.xml.PluggableSchemaResolver:119] - Found XML schema [http://www.springframework.org/schema/context/spring-context.xsd] in classpath: org/springframework/context/config/spring-context-4.0.xsd
2016-08-01 01:36:14 [org.springframework.beans.factory.xml.PluggableSchemaResolver:119] - Found XML schema [http://www.springframework.org/schema/tool/spring-tool-4.0.xsd] in classpath: org/springframework/beans/factory/xml/spring-tool-4.0.xsd
2016-08-01 01:36:14 [org.springframework.beans.factory.xml.DefaultBeanDefinitionDocumentReader:108] - Loading bean definitions
2016-08-01 01:36:14 [org.springframework.beans.factory.xml.DefaultNamespaceHandlerResolver:157] - Loaded NamespaceHandler mappings: {http://www.springframework.org/schema/p=org.springframework.beans.factory.xml.SimplePropertyNamespaceHandler, http://www.springframework.org/schema/mvc=org.springframework.web.servlet.config.MvcNamespaceHandler, http://www.springframework.org/schema/util=org.springframework.beans.factory.xml.UtilNamespaceHandler, http://www.springframework.org/schema/jee=org.springframework.ejb.config.JeeNamespaceHandler, http://www.springframework.org/schema/aop=org.springframework.aop.config.AopNamespaceHandler, http://www.springframework.org/schema/oxm=org.springframework.oxm.config.OxmNamespaceHandler, http://www.springframework.org/schema/jdbc=org.springframework.jdbc.config.JdbcNamespaceHandler, http://www.springframework.org/schema/redis=org.springframework.data.redis.config.RedisNamespaceHandler, http://www.springframework.org/schema/cache=org.springframework.cache.config.CacheNamespaceHandler, http://mybatis.org/schema/mybatis-spring=org.mybatis.spring.config.NamespaceHandler, http://www.springframework.org/schema/security/oauth2=org.springframework.security.oauth2.config.xml.OAuth2SecurityNamespaceHandler, http://www.springframework.org/schema/c=org.springframework.beans.factory.xml.SimpleConstructorNamespaceHandler, http://www.springframework.org/schema/tx=org.springframework.transaction.config.TxNamespaceHandler, http://www.springframework.org/schema/task=org.springframework.scheduling.config.TaskNamespaceHandler, http://www.springframework.org/schema/lang=org.springframework.scripting.config.LangNamespaceHandler, http://www.springframework.org/schema/context=org.springframework.context.config.ContextNamespaceHandler}
2016-08-01 01:36:14 [org.springframework.core.io.support.PathMatchingResourcePatternResolver:556] - Looking for matching resources in directory tree [E:\WorkSpaces\WebSpaces\ssm-crm-new\WebRoot\WEB-INF\classes\com\crm\dao\mybatis]
2016-08-01 01:36:14 [org.springframework.core.io.support.PathMatchingResourcePatternResolver:618] - Searching directory [E:\WorkSpaces\WebSpaces\ssm-crm-new\WebRoot\WEB-INF\classes\com\crm\dao\mybatis] for files matching pattern [E:/WorkSpaces/WebSpaces/ssm-crm-new/WebRoot/WEB-INF/classes/com/crm/dao/mybatis/**/*.class]
2016-08-01 01:36:14 [org.springframework.core.io.support.PathMatchingResourcePatternResolver:357] - Resolved location pattern [classpath*:com/crm/dao/mybatis/**/*.class] to resources [file [E:\WorkSpaces\WebSpaces\ssm-crm-new\WebRoot\WEB-INF\classes\com\crm\dao\mybatis\AccountDao.class], file [E:\WorkSpaces\WebSpaces\ssm-crm-new\WebRoot\WEB-INF\classes\com\crm\dao\mybatis\AccountMapper.class], file [E:\WorkSpaces\WebSpaces\ssm-crm-new\WebRoot\WEB-INF\classes\com\crm\dao\mybatis\ActivityMapper.class], file [E:\WorkSpaces\WebSpaces\ssm-crm-new\WebRoot\WEB-INF\classes\com\crm\dao\mybatis\AwardMapper.class], file [E:\WorkSpaces\WebSpaces\ssm-crm-new\WebRoot\WEB-INF\classes\com\crm\dao\mybatis\CustomerMapper.class], file [E:\WorkSpaces\WebSpaces\ssm-crm-new\WebRoot\WEB-INF\classes\com\crm\dao\mybatis\ExchangeMapper.class], file [E:\WorkSpaces\WebSpaces\ssm-crm-new\WebRoot\WEB-INF\classes\com\crm\dao\mybatis\LogInfoDao.class], file [E:\WorkSpaces\WebSpaces\ssm-crm-new\WebRoot\WEB-INF\classes\com\crm\dao\mybatis\MenuMapper.class], file [E:\WorkSpaces\WebSpaces\ssm-crm-new\WebRoot\WEB-INF\classes\com\crm\dao\mybatis\ScanRecordMapper.class], file [E:\WorkSpaces\WebSpaces\ssm-crm-new\WebRoot\WEB-INF\classes\com\crm\dao\mybatis\SystemdefMapper.class], file [E:\WorkSpaces\WebSpaces\ssm-crm-new\WebRoot\WEB-INF\classes\com\crm\dao\mybatis\UserMapper.class]]
2016-08-01 01:36:14 [org.springframework.context.annotation.ClassPathScanningCandidateComponentProvider:284] - Identified candidate component class: file [E:\WorkSpaces\WebSpaces\ssm-crm-new\WebRoot\WEB-INF\classes\com\crm\dao\mybatis\AccountDao.class]
2016-08-01 01:36:14 [org.springframework.context.annotation.ClassPathScanningCandidateComponentProvider:284] - Identified candidate component class: file [E:\WorkSpaces\WebSpaces\ssm-crm-new\WebRoot\WEB-INF\classes\com\crm\dao\mybatis\AccountMapper.class]
2016-08-01 01:36:14 [org.springframework.context.annotation.ClassPathScanningCandidateComponentProvider:284] - Identified candidate component class: file [E:\WorkSpaces\WebSpaces\ssm-crm-new\WebRoot\WEB-INF\classes\com\crm\dao\mybatis\ActivityMapper.class]
2016-08-01 01:36:14 [org.springframework.context.annotation.ClassPathScanningCandidateComponentProvider:284] - Identified candidate component class: file [E:\WorkSpaces\WebSpaces\ssm-crm-new\WebRoot\WEB-INF\classes\com\crm\dao\mybatis\AwardMapper.class]
2016-08-01 01:36:14 [org.springframework.context.annotation.ClassPathScanningCandidateComponentProvider:284] - Identified candidate component class: file [E:\WorkSpaces\WebSpaces\ssm-crm-new\WebRoot\WEB-INF\classes\com\crm\dao\mybatis\CustomerMapper.class]
2016-08-01 01:36:14 [org.springframework.context.annotation.ClassPathScanningCandidateComponentProvider:284] - Identified candidate component class: file [E:\WorkSpaces\WebSpaces\ssm-crm-new\WebRoot\WEB-INF\classes\com\crm\dao\mybatis\ExchangeMapper.class]
2016-08-01 01:36:14 [org.springframework.context.annotation.ClassPathScanningCandidateComponentProvider:284] - Identified candidate component class: file [E:\WorkSpaces\WebSpaces\ssm-crm-new\WebRoot\WEB-INF\classes\com\crm\dao\mybatis\LogInfoDao.class]
2016-08-01 01:36:14 [org.springframework.context.annotation.ClassPathScanningCandidateComponentProvider:284] - Identified candidate component class: file [E:\WorkSpaces\WebSpaces\ssm-crm-new\WebRoot\WEB-INF\classes\com\crm\dao\mybatis\MenuMapper.class]
2016-08-01 01:36:14 [org.springframework.context.annotation.ClassPathScanningCandidateComponentProvider:284] - Identified candidate component class: file [E:\WorkSpaces\WebSpaces\ssm-crm-new\WebRoot\WEB-INF\classes\com\crm\dao\mybatis\ScanRecordMapper.class]
2016-08-01 01:36:14 [org.springframework.context.annotation.ClassPathScanningCandidateComponentProvider:284] - Identified candidate component class: file [E:\WorkSpaces\WebSpaces\ssm-crm-new\WebRoot\WEB-INF\classes\com\crm\dao\mybatis\SystemdefMapper.class]
2016-08-01 01:36:14 [org.springframework.context.annotation.ClassPathScanningCandidateComponentProvider:284] - Identified candidate component class: file [E:\WorkSpaces\WebSpaces\ssm-crm-new\WebRoot\WEB-INF\classes\com\crm\dao\mybatis\UserMapper.class]
2016-08-01 01:36:14 [org.mybatis.spring.mapper.ClassPathMapperScanner:164] - Creating MapperFactoryBean with name 'accountDao' and 'com.crm.dao.mybatis.AccountDao' mapperInterface
2016-08-01 01:36:14 [org.mybatis.spring.mapper.ClassPathMapperScanner:200] - Enabling autowire by type for MapperFactoryBean with name 'accountDao'.
2016-08-01 01:36:14 [org.mybatis.spring.mapper.ClassPathMapperScanner:164] - Creating MapperFactoryBean with name 'accountMapper' and 'com.crm.dao.mybatis.AccountMapper' mapperInterface
2016-08-01 01:36:14 [org.mybatis.spring.mapper.ClassPathMapperScanner:200] - Enabling autowire by type for MapperFactoryBean with name 'accountMapper'.
2016-08-01 01:36:14 [org.mybatis.spring.mapper.ClassPathMapperScanner:164] - Creating MapperFactoryBean with name 'activityMapper' and 'com.crm.dao.mybatis.ActivityMapper' mapperInterface
2016-08-01 01:36:14 [org.mybatis.spring.mapper.ClassPathMapperScanner:200] - Enabling autowire by type for MapperFactoryBean with name 'activityMapper'.
2016-08-01 01:36:14 [org.mybatis.spring.mapper.ClassPathMapperScanner:164] - Creating MapperFactoryBean with name 'awardMapper' and 'com.crm.dao.mybatis.AwardMapper' mapperInterface
2016-08-01 01:36:14 [org.mybatis.spring.mapper.ClassPathMapperScanner:200] - Enabling autowire by type for MapperFactoryBean with name 'awardMapper'.
2016-08-01 01:36:14 [org.mybatis.spring.mapper.ClassPathMapperScanner:164] - Creating MapperFactoryBean with name 'customerMapper' and 'com.crm.dao.mybatis.CustomerMapper' mapperInterface
2016-08-01 01:36:14 [org.mybatis.spring.mapper.ClassPathMapperScanner:200] - Enabling autowire by type for MapperFactoryBean with name 'customerMapper'.
2016-08-01 01:36:14 [org.mybatis.spring.mapper.ClassPathMapperScanner:164] - Creating MapperFactoryBean with name 'exchangeMapper' and 'com.crm.dao.mybatis.ExchangeMapper' mapperInterface
2016-08-01 01:36:14 [org.mybatis.spring.mapper.ClassPathMapperScanner:200] - Enabling autowire by type for MapperFactoryBean with name 'exchangeMapper'.
2016-08-01 01:36:14 [org.mybatis.spring.mapper.ClassPathMapperScanner:164] - Creating MapperFactoryBean with name 'logInfoDao' and 'com.crm.dao.mybatis.LogInfoDao' mapperInterface
2016-08-01 01:36:14 [org.mybatis.spring.mapper.ClassPathMapperScanner:200] - Enabling autowire by type for MapperFactoryBean with name 'logInfoDao'.
2016-08-01 01:36:14 [org.mybatis.spring.mapper.ClassPathMapperScanner:164] - Creating MapperFactoryBean with name 'menuMapper' and 'com.crm.dao.mybatis.MenuMapper' mapperInterface
2016-08-01 01:36:14 [org.mybatis.spring.mapper.ClassPathMapperScanner:200] - Enabling autowire by type for MapperFactoryBean with name 'menuMapper'.
2016-08-01 01:36:14 [org.mybatis.spring.mapper.ClassPathMapperScanner:164] - Creating MapperFactoryBean with name 'scanRecordMapper' and 'com.crm.dao.mybatis.ScanRecordMapper' mapperInterface
2016-08-01 01:36:14 [org.mybatis.spring.mapper.ClassPathMapperScanner:200] - Enabling autowire by type for MapperFactoryBean with name 'scanRecordMapper'.
2016-08-01 01:36:14 [org.mybatis.spring.mapper.ClassPathMapperScanner:164] - Creating MapperFactoryBean with name 'systemdefMapper' and 'com.crm.dao.mybatis.SystemdefMapper' mapperInterface
2016-08-01 01:36:14 [org.mybatis.spring.mapper.ClassPathMapperScanner:200] - Enabling autowire by type for MapperFactoryBean with name 'systemdefMapper'.
2016-08-01 01:36:14 [org.mybatis.spring.mapper.ClassPathMapperScanner:164] - Creating MapperFactoryBean with name 'userMapper' and 'com.crm.dao.mybatis.UserMapper' mapperInterface
2016-08-01 01:36:14 [org.mybatis.spring.mapper.ClassPathMapperScanner:200] - Enabling autowire by type for MapperFactoryBean with name 'userMapper'.
2016-08-01 01:36:14 [org.springframework.beans.factory.support.AbstractBeanDefinitionReader:223] - Loaded 18 bean definitions from location pattern [classpath:config/spring-mybatis.xml]
2016-08-01 01:36:14 [org.springframework.context.support.AbstractApplicationContext:543] - Bean factory for org.springframework.context.support.GenericApplicationContext@36c82658: org.springframework.beans.factory.support.DefaultListableBeanFactory@195dbc83: defining beans [accountDao,accountMapper,activityMapper,awardMapper,customerMapper,exchangeMapper,logInfoDao,menuMapper,scanRecordMapper,systemdefMapper,userMapper,org.springframework.context.annotation.internalConfigurationAnnotationProcessor,org.springframework.context.annotation.internalAutowiredAnnotationProcessor,org.springframework.context.annotation.internalRequiredAnnotationProcessor,org.springframework.context.annotation.internalCommonAnnotationProcessor,org.springframework.context.support.PropertySourcesPlaceholderConfigurer#0,dataSource,sqlSessionFactory]; root of factory hierarchy
2016-08-01 01:36:14 [org.springframework.beans.factory.support.DefaultSingletonBeanRegistry:220] - Creating shared instance of singleton bean 'org.springframework.context.annotation.internalConfigurationAnnotationProcessor'
2016-08-01 01:36:14 [org.springframework.beans.factory.support.AbstractAutowireCapableBeanFactory:449] - Creating instance of bean 'org.springframework.context.annotation.internalConfigurationAnnotationProcessor'
2016-08-01 01:36:14 [org.springframework.beans.factory.support.AbstractAutowireCapableBeanFactory:523] - Eagerly caching bean 'org.springframework.context.annotation.internalConfigurationAnnotationProcessor' to allow for resolving potential circular references
2016-08-01 01:36:14 [org.springframework.beans.factory.support.AbstractAutowireCapableBeanFactory:477] - Finished creating instance of bean 'org.springframework.context.annotation.internalConfigurationAnnotationProcessor'
2016-08-01 01:36:14 [org.springframework.beans.factory.support.DefaultSingletonBeanRegistry:220] - Creating shared instance of singleton bean 'org.springframework.context.support.PropertySourcesPlaceholderConfigurer#0'
2016-08-01 01:36:14 [org.springframework.beans.factory.support.AbstractAutowireCapableBeanFactory:449] - Creating instance of bean 'org.springframework.context.support.PropertySourcesPlaceholderConfigurer#0'
2016-08-01 01:36:14 [org.springframework.beans.factory.support.AbstractAutowireCapableBeanFactory:523] - Eagerly caching bean 'org.springframework.context.support.PropertySourcesPlaceholderConfigurer#0' to allow for resolving potential circular references
2016-08-01 01:36:14 [org.springframework.beans.factory.support.AbstractAutowireCapableBeanFactory:477] - Finished creating instance of bean 'org.springframework.context.support.PropertySourcesPlaceholderConfigurer#0'
2016-08-01 01:36:14 [org.springframework.core.env.MutablePropertySources:110] - Adding [environmentProperties] PropertySource with lowest search precedence
2016-08-01 01:36:14 [org.springframework.core.env.MutablePropertySources:110] - Adding [localProperties] PropertySource with lowest search precedence
2016-08-01 01:36:14 [org.springframework.core.env.PropertySourcesPropertyResolver:81] - Searching for key 'jdbc.url' in [environmentProperties]
2016-08-01 01:36:14 [org.springframework.core.env.PropertySourcesPropertyResolver:81] - Searching for key 'jdbc.url' in [systemProperties]
2016-08-01 01:36:14 [org.springframework.core.env.PropertySourcesPropertyResolver:81] - Searching for key 'jdbc.url' in [systemEnvironment]
2016-08-01 01:36:14 [org.springframework.core.env.PropertySourcesPropertyResolver:103] - Could not find key 'jdbc.url' in any property source. Returning [null]
2016-08-01 01:36:14 [org.springframework.core.env.PropertySourcesPropertyResolver:81] - Searching for key 'jdbc.url' in [localProperties]
2016-08-01 01:36:14 [org.springframework.core.env.PropertySourcesPropertyResolver:90] - Found key 'jdbc.url' in [localProperties] with type [String] and value 'jdbc:mysql://localhost:3306/crm?useUnicode=true&characterEncoding=UTF-8&zeroDateTimeBehavior=convertToNull'
2016-08-01 01:36:14 [org.springframework.core.env.PropertySourcesPropertyResolver:81] - Searching for key 'jdbc.username' in [environmentProperties]
2016-08-01 01:36:14 [org.springframework.core.env.PropertySourcesPropertyResolver:81] - Searching for key 'jdbc.username' in [systemProperties]
2016-08-01 01:36:14 [org.springframework.core.env.PropertySourcesPropertyResolver:81] - Searching for key 'jdbc.username' in [systemEnvironment]
2016-08-01 01:36:14 [org.springframework.core.env.PropertySourcesPropertyResolver:103] - Could not find key 'jdbc.username' in any property source. Returning [null]
2016-08-01 01:36:14 [org.springframework.core.env.PropertySourcesPropertyResolver:81] - Searching for key 'jdbc.username' in [localProperties]
2016-08-01 01:36:14 [org.springframework.core.env.PropertySourcesPropertyResolver:90] - Found key 'jdbc.username' in [localProperties] with type [String] and value 'root'
2016-08-01 01:36:14 [org.springframework.core.env.PropertySourcesPropertyResolver:81] - Searching for key 'jdbc.password' in [environmentProperties]
2016-08-01 01:36:14 [org.springframework.core.env.PropertySourcesPropertyResolver:81] - Searching for key 'jdbc.password' in [systemProperties]
2016-08-01 01:36:14 [org.springframework.core.env.PropertySourcesPropertyResolver:81] - Searching for key 'jdbc.password' in [systemEnvironment]
2016-08-01 01:36:14 [org.springframework.core.env.PropertySourcesPropertyResolver:103] - Could not find key 'jdbc.password' in any property source. Returning [null]
2016-08-01 01:36:14 [org.springframework.core.env.PropertySourcesPropertyResolver:81] - Searching for key 'jdbc.password' in [localProperties]
2016-08-01 01:36:14 [org.springframework.core.env.PropertySourcesPropertyResolver:90] - Found key 'jdbc.password' in [localProperties] with type [String] and value '123456'
2016-08-01 01:36:14 [org.springframework.core.env.PropertySourcesPropertyResolver:81] - Searching for key 'jdbc.initialSize' in [environmentProperties]
2016-08-01 01:36:14 [org.springframework.core.env.PropertySourcesPropertyResolver:81] - Searching for key 'jdbc.initialSize' in [systemProperties]
2016-08-01 01:36:14 [org.springframework.core.env.PropertySourcesPropertyResolver:81] - Searching for key 'jdbc.initialSize' in [systemEnvironment]
2016-08-01 01:36:14 [org.springframework.core.env.PropertySourcesPropertyResolver:103] - Could not find key 'jdbc.initialSize' in any property source. Returning [null]
2016-08-01 01:36:14 [org.springframework.core.env.PropertySourcesPropertyResolver:81] - Searching for key 'jdbc.initialSize' in [localProperties]
2016-08-01 01:36:14 [org.springframework.core.env.PropertySourcesPropertyResolver:90] - Found key 'jdbc.initialSize' in [localProperties] with type [String] and value '1'
2016-08-01 01:36:14 [org.springframework.core.env.PropertySourcesPropertyResolver:81] - Searching for key 'jdbc.maxActive' in [environmentProperties]
2016-08-01 01:36:14 [org.springframework.core.env.PropertySourcesPropertyResolver:81] - Searching for key 'jdbc.maxActive' in [systemProperties]
2016-08-01 01:36:14 [org.springframework.core.env.PropertySourcesPropertyResolver:81] - Searching for key 'jdbc.maxActive' in [systemEnvironment]
2016-08-01 01:36:14 [org.springframework.core.env.PropertySourcesPropertyResolver:103] - Could not find key 'jdbc.maxActive' in any property source. Returning [null]
2016-08-01 01:36:14 [org.springframework.core.env.PropertySourcesPropertyResolver:81] - Searching for key 'jdbc.maxActive' in [localProperties]
2016-08-01 01:36:14 [org.springframework.core.env.PropertySourcesPropertyResolver:90] - Found key 'jdbc.maxActive' in [localProperties] with type [String] and value '20'
2016-08-01 01:36:14 [org.springframework.core.env.PropertySourcesPropertyResolver:81] - Searching for key 'jdbc.minIdle' in [environmentProperties]
2016-08-01 01:36:14 [org.springframework.core.env.PropertySourcesPropertyResolver:81] - Searching for key 'jdbc.minIdle' in [systemProperties]
2016-08-01 01:36:14 [org.springframework.core.env.PropertySourcesPropertyResolver:81] - Searching for key 'jdbc.minIdle' in [systemEnvironment]
2016-08-01 01:36:14 [org.springframework.core.env.PropertySourcesPropertyResolver:103] - Could not find key 'jdbc.minIdle' in any property source. Returning [null]
2016-08-01 01:36:14 [org.springframework.core.env.PropertySourcesPropertyResolver:81] - Searching for key 'jdbc.minIdle' in [localProperties]
2016-08-01 01:36:14 [org.springframework.core.env.PropertySourcesPropertyResolver:90] - Found key 'jdbc.minIdle' in [localProperties] with type [String] and value '20'
2016-08-01 01:36:14 [org.springframework.core.env.PropertySourcesPropertyResolver:81] - Searching for key 'jdbc.maxWait' in [environmentProperties]
2016-08-01 01:36:14 [org.springframework.core.env.PropertySourcesPropertyResolver:81] - Searching for key 'jdbc.maxWait' in [systemProperties]
2016-08-01 01:36:14 [org.springframework.core.env.PropertySourcesPropertyResolver:81] - Searching for key 'jdbc.maxWait' in [systemEnvironment]
2016-08-01 01:36:14 [org.springframework.core.env.PropertySourcesPropertyResolver:103] - Could not find key 'jdbc.maxWait' in any property source. Returning [null]
2016-08-01 01:36:14 [org.springframework.core.env.PropertySourcesPropertyResolver:81] - Searching for key 'jdbc.maxWait' in [localProperties]
2016-08-01 01:36:14 [org.springframework.core.env.PropertySourcesPropertyResolver:90] - Found key 'jdbc.maxWait' in [localProperties] with type [String] and value '60000'
2016-08-01 01:36:14 [org.springframework.core.env.PropertySourcesPropertyResolver:81] - Searching for key 'jdbc.filters' in [environmentProperties]
2016-08-01 01:36:14 [org.springframework.core.env.PropertySourcesPropertyResolver:81] - Searching for key 'jdbc.filters' in [systemProperties]
2016-08-01 01:36:14 [org.springframework.core.env.PropertySourcesPropertyResolver:81] - Searching for key 'jdbc.filters' in [systemEnvironment]
2016-08-01 01:36:14 [org.springframework.core.env.PropertySourcesPropertyResolver:103] - Could not find key 'jdbc.filters' in any property source. Returning [null]
2016-08-01 01:36:14 [org.springframework.core.env.PropertySourcesPropertyResolver:81] - Searching for key 'jdbc.filters' in [localProperties]
2016-08-01 01:36:14 [org.springframework.core.env.PropertySourcesPropertyResolver:90] - Found key 'jdbc.filters' in [localProperties] with type [String] and value 'stat'
2016-08-01 01:36:14 [org.springframework.core.env.PropertySourcesPropertyResolver:81] - Searching for key 'jdbc.timeBetweenEvictionRunsMillis' in [environmentProperties]
2016-08-01 01:36:14 [org.springframework.core.env.PropertySourcesPropertyResolver:81] - Searching for key 'jdbc.timeBetweenEvictionRunsMillis' in [systemProperties]
2016-08-01 01:36:14 [org.springframework.core.env.PropertySourcesPropertyResolver:81] - Searching for key 'jdbc.timeBetweenEvictionRunsMillis' in [systemEnvironment]
2016-08-01 01:36:14 [org.springframework.core.env.PropertySourcesPropertyResolver:103] - Could not find key 'jdbc.timeBetweenEvictionRunsMillis' in any property source. Returning [null]
2016-08-01 01:36:14 [org.springframework.core.env.PropertySourcesPropertyResolver:81] - Searching for key 'jdbc.timeBetweenEvictionRunsMillis' in [localProperties]
2016-08-01 01:36:14 [org.springframework.core.env.PropertySourcesPropertyResolver:90] - Found key 'jdbc.timeBetweenEvictionRunsMillis' in [localProperties] with type [String] and value '60000'
2016-08-01 01:36:14 [org.springframework.core.env.PropertySourcesPropertyResolver:81] - Searching for key 'jdbc.minEvictableIdleTimeMillis' in [environmentProperties]
2016-08-01 01:36:14 [org.springframework.core.env.PropertySourcesPropertyResolver:81] - Searching for key 'jdbc.minEvictableIdleTimeMillis' in [systemProperties]
2016-08-01 01:36:14 [org.springframework.core.env.PropertySourcesPropertyResolver:81] - Searching for key 'jdbc.minEvictableIdleTimeMillis' in [systemEnvironment]
2016-08-01 01:36:14 [org.springframework.core.env.PropertySourcesPropertyResolver:103] - Could not find key 'jdbc.minEvictableIdleTimeMillis' in any property source. Returning [null]
2016-08-01 01:36:14 [org.springframework.core.env.PropertySourcesPropertyResolver:81] - Searching for key 'jdbc.minEvictableIdleTimeMillis' in [localProperties]
2016-08-01 01:36:14 [org.springframework.core.env.PropertySourcesPropertyResolver:90] - Found key 'jdbc.minEvictableIdleTimeMillis' in [localProperties] with type [String] and value '300000'
2016-08-01 01:36:14 [org.springframework.beans.factory.support.DefaultSingletonBeanRegistry:220] - Creating shared instance of singleton bean 'org.springframework.context.annotation.internalAutowiredAnnotationProcessor'
2016-08-01 01:36:14 [org.springframework.beans.factory.support.AbstractAutowireCapableBeanFactory:449] - Creating instance of bean 'org.springframework.context.annotation.internalAutowiredAnnotationProcessor'
2016-08-01 01:36:14 [org.springframework.beans.factory.support.AbstractAutowireCapableBeanFactory:523] - Eagerly caching bean 'org.springframework.context.annotation.internalAutowiredAnnotationProcessor' to allow for resolving potential circular references
2016-08-01 01:36:14 [org.springframework.beans.factory.support.AbstractAutowireCapableBeanFactory:477] - Finished creating instance of bean 'org.springframework.context.annotation.internalAutowiredAnnotationProcessor'
2016-08-01 01:36:14 [org.springframework.beans.factory.support.DefaultSingletonBeanRegistry:220] - Creating shared instance of singleton bean 'org.springframework.context.annotation.internalRequiredAnnotationProcessor'
2016-08-01 01:36:14 [org.springframework.beans.factory.support.AbstractAutowireCapableBeanFactory:449] - Creating instance of bean 'org.springframework.context.annotation.internalRequiredAnnotationProcessor'
2016-08-01 01:36:14 [org.springframework.beans.factory.support.AbstractAutowireCapableBeanFactory:523] - Eagerly caching bean 'org.springframework.context.annotation.internalRequiredAnnotationProcessor' to allow for resolving potential circular references
2016-08-01 01:36:14 [org.springframework.beans.factory.support.AbstractAutowireCapableBeanFactory:477] - Finished creating instance of bean 'org.springframework.context.annotation.internalRequiredAnnotationProcessor'
2016-08-01 01:36:14 [org.springframework.beans.factory.support.DefaultSingletonBeanRegistry:220] - Creating shared instance of singleton bean 'org.springframework.context.annotation.internalCommonAnnotationProcessor'
2016-08-01 01:36:14 [org.springframework.beans.factory.support.AbstractAutowireCapableBeanFactory:449] - Creating instance of bean 'org.springframework.context.annotation.internalCommonAnnotationProcessor'
2016-08-01 01:36:14 [org.springframework.beans.factory.support.AbstractAutowireCapableBeanFactory:523] - Eagerly caching bean 'org.springframework.context.annotation.internalCommonAnnotationProcessor' to allow for resolving potential circular references
2016-08-01 01:36:14 [org.springframework.beans.factory.support.AbstractAutowireCapableBeanFactory:477] - Finished creating instance of bean 'org.springframework.context.annotation.internalCommonAnnotationProcessor'
2016-08-01 01:36:14 [org.springframework.beans.factory.support.DefaultSingletonBeanRegistry:220] - Creating shared instance of singleton bean 'org.springframework.context.annotation.ConfigurationClassPostProcessor.importAwareProcessor'
2016-08-01 01:36:14 [org.springframework.beans.factory.support.AbstractAutowireCapableBeanFactory:449] - Creating instance of bean 'org.springframework.context.annotation.ConfigurationClassPostProcessor.importAwareProcessor'
2016-08-01 01:36:14 [org.springframework.beans.factory.support.AbstractAutowireCapableBeanFactory:523] - Eagerly caching bean 'org.springframework.context.annotation.ConfigurationClassPostProcessor.importAwareProcessor' to allow for resolving potential circular references
2016-08-01 01:36:14 [org.springframework.beans.factory.support.AbstractAutowireCapableBeanFactory:477] - Finished creating instance of bean 'org.springframework.context.annotation.ConfigurationClassPostProcessor.importAwareProcessor'
2016-08-01 01:36:14 [org.springframework.beans.factory.support.DefaultSingletonBeanRegistry:220] - Creating shared instance of singleton bean 'org.springframework.context.annotation.ConfigurationClassPostProcessor.enhancedConfigurationProcessor'
2016-08-01 01:36:14 [org.springframework.beans.factory.support.AbstractAutowireCapableBeanFactory:449] - Creating instance of bean 'org.springframework.context.annotation.ConfigurationClassPostProcessor.enhancedConfigurationProcessor'
2016-08-01 01:36:14 [org.springframework.beans.factory.support.AbstractAutowireCapableBeanFactory:523] - Eagerly caching bean 'org.springframework.context.annotation.ConfigurationClassPostProcessor.enhancedConfigurationProcessor' to allow for resolving potential circular references
2016-08-01 01:36:14 [org.springframework.beans.factory.support.AbstractAutowireCapableBeanFactory:477] - Finished creating instance of bean 'org.springframework.context.annotation.ConfigurationClassPostProcessor.enhancedConfigurationProcessor'
2016-08-01 01:36:14 [org.springframework.context.support.AbstractApplicationContext:649] - Unable to locate MessageSource with name 'messageSource': using default [org.springframework.context.support.DelegatingMessageSource@5064635b]
2016-08-01 01:36:14 [org.springframework.context.support.AbstractApplicationContext:673] - Unable to locate ApplicationEventMulticaster with name 'applicationEventMulticaster': using default [org.springframework.context.event.SimpleApplicationEventMulticaster@2c60db95]
2016-08-01 01:36:14 [org.springframework.beans.factory.support.DefaultListableBeanFactory:672] - Pre-instantiating singletons in org.springframework.beans.factory.support.DefaultListableBeanFactory@195dbc83: defining beans [accountDao,accountMapper,activityMapper,awardMapper,customerMapper,exchangeMapper,logInfoDao,menuMapper,scanRecordMapper,systemdefMapper,userMapper,org.springframework.context.annotation.internalConfigurationAnnotationProcessor,org.springframework.context.annotation.internalAutowiredAnnotationProcessor,org.springframework.context.annotation.internalRequiredAnnotationProcessor,org.springframework.context.annotation.internalCommonAnnotationProcessor,org.springframework.context.support.PropertySourcesPlaceholderConfigurer#0,dataSource,sqlSessionFactory,org.springframework.context.annotation.ConfigurationClassPostProcessor.importAwareProcessor,org.springframework.context.annotation.ConfigurationClassPostProcessor.enhancedConfigurationProcessor]; root of factory hierarchy
2016-08-01 01:36:14 [org.springframework.beans.factory.support.DefaultSingletonBeanRegistry:220] - Creating shared instance of singleton bean 'accountDao'
2016-08-01 01:36:14 [org.springframework.beans.factory.support.AbstractAutowireCapableBeanFactory:449] - Creating instance of bean 'accountDao'
2016-08-01 01:36:14 [org.springframework.beans.factory.support.AbstractAutowireCapableBeanFactory:523] - Eagerly caching bean 'accountDao' to allow for resolving potential circular references
2016-08-01 01:36:14 [org.springframework.beans.factory.support.AbstractBeanFactory:243] - Returning eagerly cached instance of singleton bean 'accountDao' that is not fully initialized yet - a consequence of a circular reference
2016-08-01 01:36:14 [org.springframework.beans.factory.support.DefaultSingletonBeanRegistry:220] - Creating shared instance of singleton bean 'accountMapper'
2016-08-01 01:36:14 [org.springframework.beans.factory.support.AbstractAutowireCapableBeanFactory:449] - Creating instance of bean 'accountMapper'
2016-08-01 01:36:14 [org.springframework.beans.factory.support.AbstractAutowireCapableBeanFactory:523] - Eagerly caching bean 'accountMapper' to allow for resolving potential circular references
2016-08-01 01:36:14 [org.springframework.beans.factory.support.AbstractBeanFactory:243] - Returning eagerly cached instance of singleton bean 'accountMapper' that is not fully initialized yet - a consequence of a circular reference
2016-08-01 01:36:14 [org.springframework.beans.factory.support.DefaultSingletonBeanRegistry:220] - Creating shared instance of singleton bean 'activityMapper'
2016-08-01 01:36:14 [org.springframework.beans.factory.support.AbstractAutowireCapableBeanFactory:449] - Creating instance of bean 'activityMapper'
2016-08-01 01:36:14 [org.springframework.beans.factory.support.AbstractAutowireCapableBeanFactory:523] - Eagerly caching bean 'activityMapper' to allow for resolving potential circular references
2016-08-01 01:36:14 [org.springframework.beans.factory.support.AbstractBeanFactory:243] - Returning eagerly cached instance of singleton bean 'activityMapper' that is not fully initialized yet - a consequence of a circular reference
2016-08-01 01:36:14 [org.springframework.beans.factory.support.DefaultSingletonBeanRegistry:220] - Creating shared instance of singleton bean 'awardMapper'
2016-08-01 01:36:14 [org.springframework.beans.factory.support.AbstractAutowireCapableBeanFactory:449] - Creating instance of bean 'awardMapper'
2016-08-01 01:36:14 [org.springframework.beans.factory.support.AbstractAutowireCapableBeanFactory:523] - Eagerly caching bean 'awardMapper' to allow for resolving potential circular references
2016-08-01 01:36:14 [org.springframework.beans.factory.support.AbstractBeanFactory:243] - Returning eagerly cached instance of singleton bean 'awardMapper' that is not fully initialized yet - a consequence of a circular reference
2016-08-01 01:36:14 [org.springframework.beans.factory.support.DefaultSingletonBeanRegistry:220] - Creating shared instance of singleton bean 'customerMapper'
2016-08-01 01:36:14 [org.springframework.beans.factory.support.AbstractAutowireCapableBeanFactory:449] - Creating instance of bean 'customerMapper'
2016-08-01 01:36:14 [org.springframework.beans.factory.support.AbstractAutowireCapableBeanFactory:523] - Eagerly caching bean 'customerMapper' to allow for resolving potential circular references
2016-08-01 01:36:14 [org.springframework.beans.factory.support.AbstractBeanFactory:243] - Returning eagerly cached instance of singleton bean 'customerMapper' that is not fully initialized yet - a consequence of a circular reference
2016-08-01 01:36:14 [org.springframework.beans.factory.support.DefaultSingletonBeanRegistry:220] - Creating shared instance of singleton bean 'exchangeMapper'
2016-08-01 01:36:14 [org.springframework.beans.factory.support.AbstractAutowireCapableBeanFactory:449] - Creating instance of bean 'exchangeMapper'
2016-08-01 01:36:14 [org.springframework.beans.factory.support.AbstractAutowireCapableBeanFactory:523] - Eagerly caching bean 'exchangeMapper' to allow for resolving potential circular references
2016-08-01 01:36:14 [org.springframework.beans.factory.support.AbstractBeanFactory:243] - Returning eagerly cached instance of singleton bean 'exchangeMapper' that is not fully initialized yet - a consequence of a circular reference
2016-08-01 01:36:14 [org.springframework.beans.factory.support.DefaultSingletonBeanRegistry:220] - Creating shared instance of singleton bean 'logInfoDao'
2016-08-01 01:36:14 [org.springframework.beans.factory.support.AbstractAutowireCapableBeanFactory:449] - Creating instance of bean 'logInfoDao'
2016-08-01 01:36:14 [org.springframework.beans.factory.support.AbstractAutowireCapableBeanFactory:523] - Eagerly caching bean 'logInfoDao' to allow for resolving potential circular references
2016-08-01 01:36:14 [org.springframework.beans.factory.support.AbstractBeanFactory:243] - Returning eagerly cached instance of singleton bean 'logInfoDao' that is not fully initialized yet - a consequence of a circular reference
2016-08-01 01:36:14 [org.springframework.beans.factory.support.DefaultSingletonBeanRegistry:220] - Creating shared instance of singleton bean 'menuMapper'
2016-08-01 01:36:14 [org.springframework.beans.factory.support.AbstractAutowireCapableBeanFactory:449] - Creating instance of bean 'menuMapper'
2016-08-01 01:36:14 [org.springframework.beans.factory.support.AbstractAutowireCapableBeanFactory:523] - Eagerly caching bean 'menuMapper' to allow for resolving potential circular references
2016-08-01 01:36:14 [org.springframework.beans.factory.support.AbstractBeanFactory:243] - Returning eagerly cached instance of singleton bean 'menuMapper' that is not fully initialized yet - a consequence of a circular reference
2016-08-01 01:36:14 [org.springframework.beans.factory.support.DefaultSingletonBeanRegistry:220] - Creating shared instance of singleton bean 'scanRecordMapper'
2016-08-01 01:36:14 [org.springframework.beans.factory.support.AbstractAutowireCapableBeanFactory:449] - Creating instance of bean 'scanRecordMapper'
2016-08-01 01:36:14 [org.springframework.beans.factory.support.AbstractAutowireCapableBeanFactory:523] - Eagerly caching bean 'scanRecordMapper' to allow for resolving potential circular references
2016-08-01 01:36:14 [org.springframework.beans.factory.support.AbstractBeanFactory:243] - Returning eagerly cached instance of singleton bean 'scanRecordMapper' that is not fully initialized yet - a consequence of a circular reference
2016-08-01 01:36:14 [org.springframework.beans.factory.support.DefaultSingletonBeanRegistry:220] - Creating shared instance of singleton bean 'systemdefMapper'
2016-08-01 01:36:14 [org.springframework.beans.factory.support.AbstractAutowireCapableBeanFactory:449] - Creating instance of bean 'systemdefMapper'
2016-08-01 01:36:14 [org.springframework.beans.factory.support.AbstractAutowireCapableBeanFactory:523] - Eagerly caching bean 'systemdefMapper' to allow for resolving potential circular references
2016-08-01 01:36:14 [org.springframework.beans.factory.support.AbstractBeanFactory:243] - Returning eagerly cached instance of singleton bean 'systemdefMapper' that is not fully initialized yet - a consequence of a circular reference
2016-08-01 01:36:14 [org.springframework.beans.factory.support.DefaultSingletonBeanRegistry:220] - Creating shared instance of singleton bean 'userMapper'
2016-08-01 01:36:14 [org.springframework.beans.factory.support.AbstractAutowireCapableBeanFactory:449] - Creating instance of bean 'userMapper'
2016-08-01 01:36:14 [org.springframework.beans.factory.support.AbstractAutowireCapableBeanFactory:523] - Eagerly caching bean 'userMapper' to allow for resolving potential circular references
2016-08-01 01:36:14 [org.springframework.beans.factory.support.AbstractBeanFactory:243] - Returning eagerly cached instance of singleton bean 'userMapper' that is not fully initialized yet - a consequence of a circular reference
2016-08-01 01:36:14 [org.apache.ibatis.logging.LogFactory:128] - Logging initialized using 'class org.apache.ibatis.logging.slf4j.Slf4jImpl' adapter.
2016-08-01 01:36:14 [org.springframework.beans.factory.support.DefaultSingletonBeanRegistry:220] - Creating shared instance of singleton bean 'sqlSessionFactory'
2016-08-01 01:36:14 [org.springframework.beans.factory.support.AbstractAutowireCapableBeanFactory:449] - Creating instance of bean 'sqlSessionFactory'
2016-08-01 01:36:14 [org.springframework.beans.factory.support.AbstractAutowireCapableBeanFactory:523] - Eagerly caching bean 'sqlSessionFactory' to allow for resolving potential circular references
2016-08-01 01:36:14 [org.springframework.beans.factory.support.DefaultSingletonBeanRegistry:220] - Creating shared instance of singleton bean 'dataSource'
2016-08-01 01:36:14 [org.springframework.beans.factory.support.AbstractAutowireCapableBeanFactory:449] - Creating instance of bean 'dataSource'
2016-08-01 01:36:14 [org.springframework.beans.factory.support.AbstractAutowireCapableBeanFactory:523] - Eagerly caching bean 'dataSource' to allow for resolving potential circular references
2016-08-01 01:36:14 [org.springframework.beans.factory.support.AbstractAutowireCapableBeanFactory:1653] - Invoking init method  'init' on bean with name 'dataSource'
2016-08-01 01:36:14 [org.springframework.beans.factory.support.AbstractAutowireCapableBeanFactory:477] - Finished creating instance of bean 'dataSource'
2016-08-01 01:36:14 [org.springframework.beans.factory.support.AbstractAutowireCapableBeanFactory:1595] - Invoking afterPropertiesSet() on bean with name 'sqlSessionFactory'
2016-08-01 01:36:14 [org.mybatis.spring.SqlSessionFactoryBean:362] - Property 'configLocation' not specified, using default MyBatis Configuration
2016-08-01 01:36:14 [org.mybatis.spring.SqlSessionFactoryBean:477] - Property 'mapperLocations' was not specified or no matching resources found
2016-08-01 01:36:14 [org.springframework.beans.factory.support.AbstractAutowireCapableBeanFactory:477] - Finished creating instance of bean 'sqlSessionFactory'
2016-08-01 01:36:14 [org.springframework.beans.factory.support.AbstractAutowireCapableBeanFactory:1270] - Autowiring by type from bean name 'userMapper' via property 'sqlSessionFactory' to bean named 'sqlSessionFactory'
2016-08-01 01:36:14 [org.springframework.beans.factory.support.AbstractAutowireCapableBeanFactory:1595] - Invoking afterPropertiesSet() on bean with name 'userMapper'
2016-08-01 01:36:15 [org.springframework.beans.factory.support.AbstractAutowireCapableBeanFactory:477] - Finished creating instance of bean 'userMapper'
2016-08-01 01:36:15 [org.springframework.beans.factory.support.AbstractBeanFactory:247] - Returning cached instance of singleton bean 'sqlSessionFactory'
2016-08-01 01:36:15 [org.springframework.beans.factory.support.AbstractAutowireCapableBeanFactory:1270] - Autowiring by type from bean name 'systemdefMapper' via property 'sqlSessionFactory' to bean named 'sqlSessionFactory'
2016-08-01 01:36:15 [org.springframework.beans.factory.support.AbstractAutowireCapableBeanFactory:1595] - Invoking afterPropertiesSet() on bean with name 'systemdefMapper'
2016-08-01 01:36:15 [org.springframework.beans.factory.support.AbstractAutowireCapableBeanFactory:477] - Finished creating instance of bean 'systemdefMapper'
2016-08-01 01:36:15 [org.springframework.beans.factory.support.AbstractBeanFactory:247] - Returning cached instance of singleton bean 'sqlSessionFactory'
2016-08-01 01:36:15 [org.springframework.beans.factory.support.AbstractAutowireCapableBeanFactory:1270] - Autowiring by type from bean name 'scanRecordMapper' via property 'sqlSessionFactory' to bean named 'sqlSessionFactory'
2016-08-01 01:36:15 [org.springframework.beans.factory.support.AbstractAutowireCapableBeanFactory:1595] - Invoking afterPropertiesSet() on bean with name 'scanRecordMapper'
2016-08-01 01:36:15 [org.springframework.beans.factory.support.AbstractAutowireCapableBeanFactory:477] - Finished creating instance of bean 'scanRecordMapper'
2016-08-01 01:36:15 [org.springframework.beans.factory.support.AbstractBeanFactory:247] - Returning cached instance of singleton bean 'sqlSessionFactory'
2016-08-01 01:36:15 [org.springframework.beans.factory.support.AbstractAutowireCapableBeanFactory:1270] - Autowiring by type from bean name 'menuMapper' via property 'sqlSessionFactory' to bean named 'sqlSessionFactory'
2016-08-01 01:36:15 [org.springframework.beans.factory.support.AbstractAutowireCapableBeanFactory:1595] - Invoking afterPropertiesSet() on bean with name 'menuMapper'
2016-08-01 01:36:15 [org.springframework.beans.factory.support.AbstractAutowireCapableBeanFactory:477] - Finished creating instance of bean 'menuMapper'
2016-08-01 01:36:15 [org.springframework.beans.factory.support.AbstractBeanFactory:247] - Returning cached instance of singleton bean 'sqlSessionFactory'
2016-08-01 01:36:15 [org.springframework.beans.factory.support.AbstractAutowireCapableBeanFactory:1270] - Autowiring by type from bean name 'logInfoDao' via property 'sqlSessionFactory' to bean named 'sqlSessionFactory'
2016-08-01 01:36:15 [org.springframework.beans.factory.support.AbstractAutowireCapableBeanFactory:1595] - Invoking afterPropertiesSet() on bean with name 'logInfoDao'
2016-08-01 01:36:15 [org.springframework.beans.factory.support.AbstractAutowireCapableBeanFactory:477] - Finished creating instance of bean 'logInfoDao'
2016-08-01 01:36:15 [org.springframework.beans.factory.support.AbstractBeanFactory:247] - Returning cached instance of singleton bean 'sqlSessionFactory'
2016-08-01 01:36:15 [org.springframework.beans.factory.support.AbstractAutowireCapableBeanFactory:1270] - Autowiring by type from bean name 'exchangeMapper' via property 'sqlSessionFactory' to bean named 'sqlSessionFactory'
2016-08-01 01:36:15 [org.springframework.beans.factory.support.AbstractAutowireCapableBeanFactory:1595] - Invoking afterPropertiesSet() on bean with name 'exchangeMapper'
2016-08-01 01:36:15 [org.springframework.beans.factory.support.AbstractAutowireCapableBeanFactory:477] - Finished creating instance of bean 'exchangeMapper'
2016-08-01 01:36:15 [org.springframework.beans.factory.support.AbstractBeanFactory:247] - Returning cached instance of singleton bean 'sqlSessionFactory'
2016-08-01 01:36:15 [org.springframework.beans.factory.support.AbstractAutowireCapableBeanFactory:1270] - Autowiring by type from bean name 'customerMapper' via property 'sqlSessionFactory' to bean named 'sqlSessionFactory'
2016-08-01 01:36:15 [org.springframework.beans.factory.support.AbstractAutowireCapableBeanFactory:1595] - Invoking afterPropertiesSet() on bean with name 'customerMapper'
2016-08-01 01:36:15 [org.springframework.beans.factory.support.AbstractAutowireCapableBeanFactory:477] - Finished creating instance of bean 'customerMapper'
2016-08-01 01:36:15 [org.springframework.beans.factory.support.AbstractBeanFactory:247] - Returning cached instance of singleton bean 'sqlSessionFactory'
2016-08-01 01:36:15 [org.springframework.beans.factory.support.AbstractAutowireCapableBeanFactory:1270] - Autowiring by type from bean name 'awardMapper' via property 'sqlSessionFactory' to bean named 'sqlSessionFactory'
2016-08-01 01:36:15 [org.springframework.beans.factory.support.AbstractAutowireCapableBeanFactory:1595] - Invoking afterPropertiesSet() on bean with name 'awardMapper'
2016-08-01 01:36:15 [org.springframework.beans.factory.support.AbstractAutowireCapableBeanFactory:477] - Finished creating instance of bean 'awardMapper'
2016-08-01 01:36:15 [org.springframework.beans.factory.support.AbstractBeanFactory:247] - Returning cached instance of singleton bean 'sqlSessionFactory'
2016-08-01 01:36:15 [org.springframework.beans.factory.support.AbstractAutowireCapableBeanFactory:1270] - Autowiring by type from bean name 'activityMapper' via property 'sqlSessionFactory' to bean named 'sqlSessionFactory'
2016-08-01 01:36:15 [org.springframework.beans.factory.support.AbstractAutowireCapableBeanFactory:1595] - Invoking afterPropertiesSet() on bean with name 'activityMapper'
2016-08-01 01:36:15 [org.springframework.beans.factory.support.AbstractAutowireCapableBeanFactory:477] - Finished creating instance of bean 'activityMapper'
2016-08-01 01:36:15 [org.springframework.beans.factory.support.AbstractBeanFactory:247] - Returning cached instance of singleton bean 'sqlSessionFactory'
2016-08-01 01:36:15 [org.springframework.beans.factory.support.AbstractAutowireCapableBeanFactory:1270] - Autowiring by type from bean name 'accountMapper' via property 'sqlSessionFactory' to bean named 'sqlSessionFactory'
2016-08-01 01:36:15 [org.springframework.beans.factory.support.AbstractAutowireCapableBeanFactory:1595] - Invoking afterPropertiesSet() on bean with name 'accountMapper'
2016-08-01 01:36:15 [org.springframework.beans.factory.support.AbstractAutowireCapableBeanFactory:477] - Finished creating instance of bean 'accountMapper'
2016-08-01 01:36:15 [org.springframework.beans.factory.support.AbstractBeanFactory:247] - Returning cached instance of singleton bean 'sqlSessionFactory'
2016-08-01 01:36:15 [org.springframework.beans.factory.support.AbstractAutowireCapableBeanFactory:1270] - Autowiring by type from bean name 'accountDao' via property 'sqlSessionFactory' to bean named 'sqlSessionFactory'
2016-08-01 01:36:15 [org.springframework.beans.factory.support.AbstractAutowireCapableBeanFactory:1595] - Invoking afterPropertiesSet() on bean with name 'accountDao'
2016-08-01 01:36:15 [org.springframework.beans.factory.support.AbstractAutowireCapableBeanFactory:477] - Finished creating instance of bean 'accountDao'
2016-08-01 01:36:15 [org.springframework.beans.factory.support.AbstractBeanFactory:247] - Returning cached instance of singleton bean 'accountMapper'
2016-08-01 01:36:15 [org.springframework.beans.factory.support.AbstractBeanFactory:247] - Returning cached instance of singleton bean 'activityMapper'
2016-08-01 01:36:15 [org.springframework.beans.factory.support.AbstractBeanFactory:247] - Returning cached instance of singleton bean 'awardMapper'
2016-08-01 01:36:15 [org.springframework.beans.factory.support.AbstractBeanFactory:247] - Returning cached instance of singleton bean 'customerMapper'
2016-08-01 01:36:15 [org.springframework.beans.factory.support.AbstractBeanFactory:247] - Returning cached instance of singleton bean 'exchangeMapper'
2016-08-01 01:36:15 [org.springframework.beans.factory.support.AbstractBeanFactory:247] - Returning cached instance of singleton bean 'logInfoDao'
2016-08-01 01:36:15 [org.springframework.beans.factory.support.AbstractBeanFactory:247] - Returning cached instance of singleton bean 'menuMapper'
2016-08-01 01:36:15 [org.springframework.beans.factory.support.AbstractBeanFactory:247] - Returning cached instance of singleton bean 'scanRecordMapper'
2016-08-01 01:36:15 [org.springframework.beans.factory.support.AbstractBeanFactory:247] - Returning cached instance of singleton bean 'systemdefMapper'
2016-08-01 01:36:15 [org.springframework.beans.factory.support.AbstractBeanFactory:247] - Returning cached instance of singleton bean 'userMapper'
2016-08-01 01:36:15 [org.springframework.beans.factory.support.AbstractBeanFactory:247] - Returning cached instance of singleton bean 'org.springframework.context.annotation.internalConfigurationAnnotationProcessor'
2016-08-01 01:36:15 [org.springframework.beans.factory.support.AbstractBeanFactory:247] - Returning cached instance of singleton bean 'org.springframework.context.annotation.internalAutowiredAnnotationProcessor'
2016-08-01 01:36:15 [org.springframework.beans.factory.support.AbstractBeanFactory:247] - Returning cached instance of singleton bean 'org.springframework.context.annotation.internalRequiredAnnotationProcessor'
2016-08-01 01:36:15 [org.springframework.beans.factory.support.AbstractBeanFactory:247] - Returning cached instance of singleton bean 'org.springframework.context.annotation.internalCommonAnnotationProcessor'
2016-08-01 01:36:15 [org.springframework.beans.factory.support.AbstractBeanFactory:247] - Returning cached instance of singleton bean 'org.springframework.context.support.PropertySourcesPlaceholderConfigurer#0'
2016-08-01 01:36:15 [org.springframework.beans.factory.support.AbstractBeanFactory:247] - Returning cached instance of singleton bean 'dataSource'
2016-08-01 01:36:15 [org.springframework.beans.factory.support.AbstractBeanFactory:247] - Returning cached instance of singleton bean 'sqlSessionFactory'
2016-08-01 01:36:15 [org.springframework.beans.factory.support.AbstractBeanFactory:247] - Returning cached instance of singleton bean 'org.springframework.context.annotation.ConfigurationClassPostProcessor.importAwareProcessor'
2016-08-01 01:36:15 [org.springframework.beans.factory.support.AbstractBeanFactory:247] - Returning cached instance of singleton bean 'org.springframework.context.annotation.ConfigurationClassPostProcessor.enhancedConfigurationProcessor'
2016-08-01 01:36:15 [org.springframework.context.support.AbstractApplicationContext:700] - Unable to locate LifecycleProcessor with name 'lifecycleProcessor': using default [org.springframework.context.support.DefaultLifecycleProcessor@3c2888c]
2016-08-01 01:36:15 [org.springframework.beans.factory.support.AbstractBeanFactory:247] - Returning cached instance of singleton bean 'lifecycleProcessor'
2016-08-01 01:36:15 [org.springframework.beans.factory.support.AbstractBeanFactory:247] - Returning cached instance of singleton bean 'sqlSessionFactory'
2016-08-01 01:36:15 [org.springframework.core.env.PropertySourcesPropertyResolver:81] - Searching for key 'spring.liveBeansView.mbeanDomain' in [systemProperties]
2016-08-01 01:36:15 [org.springframework.core.env.PropertySourcesPropertyResolver:81] - Searching for key 'spring.liveBeansView.mbeanDomain' in [systemEnvironment]
2016-08-01 01:36:15 [org.springframework.core.env.PropertySourcesPropertyResolver:103] - Could not find key 'spring.liveBeansView.mbeanDomain' in any property source. Returning [null]
2016-08-01 01:36:15 [org.springframework.test.context.CacheAwareContextLoaderDelegate:93] - Storing ApplicationContext in cache under key [[MergedContextConfiguration@4fe596de testClass = MyBatisTest, locations = '{classpath:config/spring-mybatis.xml}', classes = '{}', contextInitializerClasses = '[]', activeProfiles = '{}', contextLoader = 'org.springframework.test.context.support.DelegatingSmartContextLoader', parent = [null]]].
2016-08-01 01:36:15 [org.springframework.beans.factory.annotation.InjectionMetadata:85] - Processing injected method of bean 'com.crm.dao.test.MyBatisTest': AutowiredFieldElement for private com.crm.dao.mybatis.UserMapper com.crm.dao.test.MyBatisTest.userMapper
2016-08-01 01:36:15 [org.springframework.beans.factory.support.AbstractBeanFactory:247] - Returning cached instance of singleton bean 'userMapper'
2016-08-01 01:36:15 [org.springframework.beans.factory.annotation.AutowiredAnnotationBeanPostProcessor:427] - Autowiring by type from bean name 'com.crm.dao.test.MyBatisTest' to bean named 'userMapper'
2016-08-01 01:36:15 [org.springframework.beans.factory.annotation.InjectionMetadata:85] - Processing injected method of bean 'com.crm.dao.test.MyBatisTest': AutowiredFieldElement for private com.crm.dao.mybatis.AccountMapper com.crm.dao.test.MyBatisTest.accountMapper
2016-08-01 01:36:15 [org.springframework.beans.factory.support.AbstractBeanFactory:247] - Returning cached instance of singleton bean 'accountMapper'
2016-08-01 01:36:15 [org.springframework.beans.factory.annotation.AutowiredAnnotationBeanPostProcessor:427] - Autowiring by type from bean name 'com.crm.dao.test.MyBatisTest' to bean named 'accountMapper'
2016-08-01 01:36:15 [org.springframework.beans.factory.annotation.InjectionMetadata:85] - Processing injected method of bean 'com.crm.dao.test.MyBatisTest': AutowiredFieldElement for private com.crm.dao.mybatis.AwardMapper com.crm.dao.test.MyBatisTest.awardMapper
2016-08-01 01:36:15 [org.springframework.beans.factory.support.AbstractBeanFactory:247] - Returning cached instance of singleton bean 'awardMapper'
2016-08-01 01:36:15 [org.springframework.beans.factory.annotation.AutowiredAnnotationBeanPostProcessor:427] - Autowiring by type from bean name 'com.crm.dao.test.MyBatisTest' to bean named 'awardMapper'
2016-08-01 01:36:15 [org.springframework.beans.factory.annotation.InjectionMetadata:85] - Processing injected method of bean 'com.crm.dao.test.MyBatisTest': AutowiredFieldElement for private com.crm.dao.mybatis.ActivityMapper com.crm.dao.test.MyBatisTest.activityMapper
2016-08-01 01:36:15 [org.springframework.beans.factory.support.AbstractBeanFactory:247] - Returning cached instance of singleton bean 'activityMapper'
2016-08-01 01:36:15 [org.springframework.beans.factory.annotation.AutowiredAnnotationBeanPostProcessor:427] - Autowiring by type from bean name 'com.crm.dao.test.MyBatisTest' to bean named 'activityMapper'
2016-08-01 01:36:15 [org.springframework.beans.factory.annotation.InjectionMetadata:85] - Processing injected method of bean 'com.crm.dao.test.MyBatisTest': AutowiredFieldElement for private com.crm.dao.mybatis.ExchangeMapper com.crm.dao.test.MyBatisTest.exchangeMapper
2016-08-01 01:36:15 [org.springframework.beans.factory.support.AbstractBeanFactory:247] - Returning cached instance of singleton bean 'exchangeMapper'
2016-08-01 01:36:15 [org.springframework.beans.factory.annotation.AutowiredAnnotationBeanPostProcessor:427] - Autowiring by type from bean name 'com.crm.dao.test.MyBatisTest' to bean named 'exchangeMapper'
2016-08-01 01:36:15 [org.springframework.beans.factory.annotation.InjectionMetadata:85] - Processing injected method of bean 'com.crm.dao.test.MyBatisTest': AutowiredFieldElement for private com.crm.dao.mybatis.ScanRecordMapper com.crm.dao.test.MyBatisTest.scanRecordMapper
2016-08-01 01:36:15 [org.springframework.beans.factory.support.AbstractBeanFactory:247] - Returning cached instance of singleton bean 'scanRecordMapper'
2016-08-01 01:36:15 [org.springframework.beans.factory.annotation.AutowiredAnnotationBeanPostProcessor:427] - Autowiring by type from bean name 'com.crm.dao.test.MyBatisTest' to bean named 'scanRecordMapper'
2016-08-01 01:36:15 [org.mybatis.spring.SqlSessionUtils:104] - Creating a new SqlSession
2016-08-01 01:36:15 [org.mybatis.spring.SqlSessionUtils:140] - SqlSession [org.apache.ibatis.session.defaults.DefaultSqlSession@47813ee4] was not registered for synchronization because synchronization is not active
2016-08-01 01:36:15 [org.springframework.jdbc.datasource.DataSourceUtils:110] - Fetching JDBC Connection from DataSource
2016-08-01 01:36:15 [org.mybatis.spring.transaction.SpringManagedTransaction:86] - JDBC Connection [com.alibaba.druid.proxy.jdbc.ConnectionProxyImpl@15c9b61] will not be managed by Spring
2016-08-01 01:36:15 [org.apache.ibatis.logging.jdbc.BaseJdbcLogger:139] - ==>  Preparing: select t.id,t.username, t.generateName from account t where t.username like concat('%',?,'%') and userType=? 
2016-08-01 01:36:15 [org.apache.ibatis.logging.jdbc.BaseJdbcLogger:139] - ==> Parameters: kevin(String), 1(Integer)
2016-08-01 01:36:15 [org.apache.ibatis.logging.jdbc.BaseJdbcLogger:139] - <==      Total: 1
2016-08-01 01:36:15 [org.mybatis.spring.SqlSessionUtils:168] - Closing non transactional SqlSession [org.apache.ibatis.session.defaults.DefaultSqlSession@47813ee4]
2016-08-01 01:36:15 [org.springframework.jdbc.datasource.DataSourceUtils:327] - Returning JDBC Connection to DataSource
2016-08-01 01:36:15 [org.mybatis.spring.SqlSessionUtils:104] - Creating a new SqlSession
2016-08-01 01:36:15 [org.mybatis.spring.SqlSessionUtils:140] - SqlSession [org.apache.ibatis.session.defaults.DefaultSqlSession@543e2dfb] was not registered for synchronization because synchronization is not active
2016-08-01 01:36:15 [org.springframework.jdbc.datasource.DataSourceUtils:110] - Fetching JDBC Connection from DataSource
2016-08-01 01:36:15 [org.mybatis.spring.transaction.SpringManagedTransaction:86] - JDBC Connection [com.alibaba.druid.proxy.jdbc.ConnectionProxyImpl@15c9b61] will not be managed by Spring
2016-08-01 01:36:15 [org.apache.ibatis.logging.jdbc.BaseJdbcLogger:139] - ==>  Preparing: select distinct t.id,t.accountId,t.accountName,t.longitude,t.latitude,t.scanTime from scan_record t, account a where (t.accountId = a.id and a.id = ?) or (t.accountName like concat('%',?,'%')) 
2016-08-01 01:36:15 [org.apache.ibatis.logging.jdbc.BaseJdbcLogger:139] - ==> Parameters: 888(String), kevin(String)
2016-08-01 01:36:15 [org.apache.ibatis.logging.jdbc.BaseJdbcLogger:139] - <==      Total: 1
2016-08-01 01:36:15 [org.mybatis.spring.SqlSessionUtils:168] - Closing non transactional SqlSession [org.apache.ibatis.session.defaults.DefaultSqlSession@543e2dfb]
2016-08-01 01:36:15 [org.springframework.jdbc.datasource.DataSourceUtils:327] - Returning JDBC Connection to DataSource
2016-08-01 01:36:15 [org.springframework.test.context.support.DirtiesContextTestExecutionListener:94] - After test method: context [DefaultTestContext@50246923 testClass = MyBatisTest, testInstance = com.crm.dao.test.MyBatisTest@672a1f0, testMethod = findByAccount@MyBatisTest, testException = [null], mergedContextConfiguration = [MergedContextConfiguration@4fe596de testClass = MyBatisTest, locations = '{classpath:config/spring-mybatis.xml}', classes = '{}', contextInitializerClasses = '[]', activeProfiles = '{}', contextLoader = 'org.springframework.test.context.support.DelegatingSmartContextLoader', parent = [null]]], class dirties context [false], class mode [null], method dirties context [false].
2016-08-01 01:36:15 [org.springframework.test.context.support.DirtiesContextTestExecutionListener:126] - After test class: context [DefaultTestContext@50246923 testClass = MyBatisTest, testInstance = [null], testMethod = [null], testException = [null], mergedContextConfiguration = [MergedContextConfiguration@4fe596de testClass = MyBatisTest, locations = '{classpath:config/spring-mybatis.xml}', classes = '{}', contextInitializerClasses = '[]', activeProfiles = '{}', contextLoader = 'org.springframework.test.context.support.DelegatingSmartContextLoader', parent = [null]]], dirtiesContext [false].
2016-08-01 01:36:15 [org.springframework.beans.factory.support.AbstractBeanFactory:247] - Returning cached instance of singleton bean 'sqlSessionFactory'
2016-08-01 01:36:15 [org.springframework.beans.factory.support.AbstractBeanFactory:247] - Returning cached instance of singleton bean 'lifecycleProcessor'
2016-08-01 01:36:15 [org.springframework.beans.factory.support.DefaultSingletonBeanRegistry:474] - Destroying singletons in org.springframework.beans.factory.support.DefaultListableBeanFactory@195dbc83: defining beans [accountDao,accountMapper,activityMapper,awardMapper,customerMapper,exchangeMapper,logInfoDao,menuMapper,scanRecordMapper,systemdefMapper,userMapper,org.springframework.context.annotation.internalConfigurationAnnotationProcessor,org.springframework.context.annotation.internalAutowiredAnnotationProcessor,org.springframework.context.annotation.internalRequiredAnnotationProcessor,org.springframework.context.annotation.internalCommonAnnotationProcessor,org.springframework.context.support.PropertySourcesPlaceholderConfigurer#0,dataSource,sqlSessionFactory,org.springframework.context.annotation.ConfigurationClassPostProcessor.importAwareProcessor,org.springframework.context.annotation.ConfigurationClassPostProcessor.enhancedConfigurationProcessor]; root of factory hierarchy
2016-08-01 01:36:15 [org.springframework.beans.factory.support.DefaultSingletonBeanRegistry:530] - Retrieved dependent beans for bean 'accountMapper': [com.crm.dao.test.MyBatisTest]
2016-08-01 01:36:15 [org.springframework.beans.factory.support.DisposableBeanAdapter:323] - Invoking destroy method 'close' on bean with name 'dataSource'
