2016-08-31 10:22:12 [org.apache.commons.httpclient.HttpClient:72] - Java version: 1.7.0_79
2016-08-31 10:22:12 [org.apache.commons.httpclient.HttpClient:73] - Java vendor: Oracle Corporation
2016-08-31 10:22:12 [org.apache.commons.httpclient.HttpClient:74] - Java class path: E:\WorkSpaces\WebSpaces\ssm-crm-new\WebRoot\WEB-INF\classes;E:\WorkSpaces\WebSpaces\ssm-crm-new\WebRoot\WEB-INF\lib\antlr-2.7.6.jar;E:\WorkSpaces\WebSpaces\ssm-crm-new\WebRoot\WEB-INF\lib\aopalliance-1.0.jar;E:\WorkSpaces\WebSpaces\ssm-crm-new\WebRoot\WEB-INF\lib\aspectjrt-1.6.12.jar;E:\WorkSpaces\WebSpaces\ssm-crm-new\WebRoot\WEB-INF\lib\aspectjweaver-1.7.1.jar;E:\WorkSpaces\WebSpaces\ssm-crm-new\WebRoot\WEB-INF\lib\atmosphere-runtime-2.1.1.jar;E:\WorkSpaces\WebSpaces\ssm-crm-new\WebRoot\WEB-INF\lib\atmosphere-spring-2.1.1.jar;E:\WorkSpaces\WebSpaces\ssm-crm-new\WebRoot\WEB-INF\lib\attoparser-2.0.0.RELEASE.jar;E:\WorkSpaces\WebSpaces\ssm-crm-new\WebRoot\WEB-INF\lib\cglib-3.1.jar;E:\WorkSpaces\WebSpaces\ssm-crm-new\WebRoot\WEB-INF\lib\classmate-1.0.0.jar;E:\WorkSpaces\WebSpaces\ssm-crm-new\WebRoot\WEB-INF\lib\commons-beanutils.jar;E:\WorkSpaces\WebSpaces\ssm-crm-new\WebRoot\WEB-INF\lib\commons-codec-1.10.jar;E:\WorkSpaces\WebSpaces\ssm-crm-new\WebRoot\WEB-INF\lib\commons-collections-3.1.jar;E:\WorkSpaces\WebSpaces\ssm-crm-new\WebRoot\WEB-INF\lib\commons-dbcp-1.2.2.jar;E:\WorkSpaces\WebSpaces\ssm-crm-new\WebRoot\WEB-INF\lib\commons-fileupload-1.3.1.jar;E:\WorkSpaces\WebSpaces\ssm-crm-new\WebRoot\WEB-INF\lib\commons-io-2.4.jar;E:\WorkSpaces\WebSpaces\ssm-crm-new\WebRoot\WEB-INF\lib\commons-lang-2.6.jar;E:\WorkSpaces\WebSpaces\ssm-crm-new\WebRoot\WEB-INF\lib\commons-lang3-3.4.jar;E:\WorkSpaces\WebSpaces\ssm-crm-new\WebRoot\WEB-INF\lib\commons-logging-1.2.jar;E:\WorkSpaces\WebSpaces\ssm-crm-new\WebRoot\WEB-INF\lib\commons-pool-1.6.jar;E:\WorkSpaces\WebSpaces\ssm-crm-new\WebRoot\WEB-INF\lib\commons-pool2-2.4.2.jar;E:\WorkSpaces\WebSpaces\ssm-crm-new\WebRoot\WEB-INF\lib\commons.httpclient-3.1.0.jar;E:\WorkSpaces\WebSpaces\ssm-crm-new\WebRoot\WEB-INF\lib\dom4j-1.6.1.jar;E:\WorkSpaces\WebSpaces\ssm-crm-new\WebRoot\WEB-INF\lib\druid-1.0.5.jar;E:\WorkSpaces\WebSpaces\ssm-crm-new\WebRoot\WEB-INF\lib\ehcache-2.8.3.jar;E:\WorkSpaces\WebSpaces\ssm-crm-new\WebRoot\WEB-INF\lib\ezmorph-1.0.6.jar;E:\WorkSpaces\WebSpaces\ssm-crm-new\WebRoot\WEB-INF\lib\fastjson-1.1.41.jar;E:\WorkSpaces\WebSpaces\ssm-crm-new\WebRoot\WEB-INF\lib\gson-2.6.2.jar;E:\WorkSpaces\WebSpaces\ssm-crm-new\WebRoot\WEB-INF\lib\guava-19.0.jar;E:\WorkSpaces\WebSpaces\ssm-crm-new\WebRoot\WEB-INF\lib\hamcrest-core-1.3.jar;E:\WorkSpaces\WebSpaces\ssm-crm-new\WebRoot\WEB-INF\lib\horrorss-2.2.0.jar;E:\WorkSpaces\WebSpaces\ssm-crm-new\WebRoot\WEB-INF\lib\htmlparser.jar;E:\WorkSpaces\WebSpaces\ssm-crm-new\WebRoot\WEB-INF\lib\httpclient-4.5.2.jar;E:\WorkSpaces\WebSpaces\ssm-crm-new\WebRoot\WEB-INF\lib\httpclient-cache-4.3.4.jar;E:\WorkSpaces\WebSpaces\ssm-crm-new\WebRoot\WEB-INF\lib\httpcore-4.4.4.jar;E:\WorkSpaces\WebSpaces\ssm-crm-new\WebRoot\WEB-INF\lib\httpmime-4.3.4.jar;E:\WorkSpaces\WebSpaces\ssm-crm-new\WebRoot\WEB-INF\lib\iText-2.1.7.jar;E:\WorkSpaces\WebSpaces\ssm-crm-new\WebRoot\WEB-INF\lib\iTextAsian.jar;E:\WorkSpaces\WebSpaces\ssm-crm-new\WebRoot\WEB-INF\lib\jackson-annotations-2.6.5.jar;E:\WorkSpaces\WebSpaces\ssm-crm-new\WebRoot\WEB-INF\lib\jackson-core-2.6.5.jar;E:\WorkSpaces\WebSpaces\ssm-crm-new\WebRoot\WEB-INF\lib\jackson-core-asl-1.9.13.jar;E:\WorkSpaces\WebSpaces\ssm-crm-new\WebRoot\WEB-INF\lib\jackson-databind-2.6.5.jar;E:\WorkSpaces\WebSpaces\ssm-crm-new\WebRoot\WEB-INF\lib\jackson-mapper-asl-1.9.13.jar;E:\WorkSpaces\WebSpaces\ssm-crm-new\WebRoot\WEB-INF\lib\javassist-3.12.0.GA.jar;E:\WorkSpaces\WebSpaces\ssm-crm-new\WebRoot\WEB-INF\lib\jcl-over-slf4j-1.7.7.jar;E:\WorkSpaces\WebSpaces\ssm-crm-new\WebRoot\WEB-INF\lib\jdom-2.0.6.jar;E:\WorkSpaces\WebSpaces\ssm-crm-new\WebRoot\WEB-INF\lib\jedis-2.6.2.jar;E:\WorkSpaces\WebSpaces\ssm-crm-new\WebRoot\WEB-INF\lib\joda-time-2.6.jar;E:\WorkSpaces\WebSpaces\ssm-crm-new\WebRoot\WEB-INF\lib\jodd-3.6.7.jar;E:\WorkSpaces\WebSpaces\ssm-crm-new\WebRoot\WEB-INF\lib\jodd-3.7.jar;E:\WorkSpaces\WebSpaces\ssm-crm-new\WebRoot\WEB-INF\lib\json-lib-2.4-jdk15.jar;E:\WorkSpaces\WebSpaces\ssm-crm-new\WebRoot\WEB-INF\lib\json.jar;E:\WorkSpaces\WebSpaces\ssm-crm-new\WebRoot\WEB-INF\lib\jsqlparser-0.9.4.jar;E:\WorkSpaces\WebSpaces\ssm-crm-new\WebRoot\WEB-INF\lib\jstl-1.2.jar;E:\WorkSpaces\WebSpaces\ssm-crm-new\WebRoot\WEB-INF\lib\junit-4.11.jar;E:\WorkSpaces\WebSpaces\ssm-crm-new\WebRoot\WEB-INF\lib\jxls-core-1.0.6.jar;E:\WorkSpaces\WebSpaces\ssm-crm-new\WebRoot\WEB-INF\lib\jxls-reader-1.0.6.jar;E:\WorkSpaces\WebSpaces\ssm-crm-new\WebRoot\WEB-INF\lib\logback-classic-1.1.2.jar;E:\WorkSpaces\WebSpaces\ssm-crm-new\WebRoot\WEB-INF\lib\logback-core-1.1.2.jar;E:\WorkSpaces\WebSpaces\ssm-crm-new\WebRoot\WEB-INF\lib\lombok.jar;E:\WorkSpaces\WebSpaces\ssm-crm-new\WebRoot\WEB-INF\lib\mail-1.4.jar;E:\WorkSpaces\WebSpaces\ssm-crm-new\WebRoot\WEB-INF\lib\mybatis-3.2.7.jar;E:\WorkSpaces\WebSpaces\ssm-crm-new\WebRoot\WEB-INF\lib\mybatis-spring-1.2.2.jar;E:\WorkSpaces\WebSpaces\ssm-crm-new\WebRoot\WEB-INF\lib\mysql6.0.jar;E:\WorkSpaces\WebSpaces\ssm-crm-new\WebRoot\WEB-INF\lib\pagehelper-4.1.6.jar;E:\WorkSpaces\WebSpaces\ssm-crm-new\WebRoot\WEB-INF\lib\pinyin4j-2.5.0.jar;E:\WorkSpaces\WebSpaces\ssm-crm-new\WebRoot\WEB-INF\lib\poi-3.14-20160307.jar;E:\WorkSpaces\WebSpaces\ssm-crm-new\WebRoot\WEB-INF\lib\poi-excelant-3.14-20160307.jar;E:\WorkSpaces\WebSpaces\ssm-crm-new\WebRoot\WEB-INF\lib\poi-ooxml-3.14-20160307.jar;E:\WorkSpaces\WebSpaces\ssm-crm-new\WebRoot\WEB-INF\lib\poi-ooxml-schemas-3.14-20160307.jar;E:\WorkSpaces\WebSpaces\ssm-crm-new\WebRoot\WEB-INF\lib\quartz-2.2.2.jar;E:\WorkSpaces\WebSpaces\ssm-crm-new\WebRoot\WEB-INF\lib\servlet-api-3.0-alpha-1.jar;E:\WorkSpaces\WebSpaces\ssm-crm-new\WebRoot\WEB-INF\lib\shiro-all-1.2.4.jar;E:\WorkSpaces\WebSpaces\ssm-crm-new\WebRoot\WEB-INF\lib\sigar-1.6.5.132.jar;E:\WorkSpaces\WebSpaces\ssm-crm-new\WebRoot\WEB-INF\lib\simplecaptcha-1.2.1.jar;E:\WorkSpaces\WebSpaces\ssm-crm-new\WebRoot\WEB-INF\lib\slf4j-api-1.7.7.jar;E:\WorkSpaces\WebSpaces\ssm-crm-new\WebRoot\WEB-INF\lib\slf4j-log4j12-1.7.7.jar;E:\WorkSpaces\WebSpaces\ssm-crm-new\WebRoot\WEB-INF\lib\spring-aop-4.0.6.RELEASE.jar;E:\WorkSpaces\WebSpaces\ssm-crm-new\WebRoot\WEB-INF\lib\spring-beans-4.0.6.RELEASE.jar;E:\WorkSpaces\WebSpaces\ssm-crm-new\WebRoot\WEB-INF\lib\spring-context-4.0.6.RELEASE.jar;E:\WorkSpaces\WebSpaces\ssm-crm-new\WebRoot\WEB-INF\lib\spring-context-support-4.0.6.RELEASE.jar;E:\WorkSpaces\WebSpaces\ssm-crm-new\WebRoot\WEB-INF\lib\spring-core-4.0.6.RELEASE.jar;E:\WorkSpaces\WebSpaces\ssm-crm-new\WebRoot\WEB-INF\lib\spring-data-redis-1.5.0.RELEASE.jar;E:\WorkSpaces\WebSpaces\ssm-crm-new\WebRoot\WEB-INF\lib\spring-expression-4.0.6.RELEASE.jar;E:\WorkSpaces\WebSpaces\ssm-crm-new\WebRoot\WEB-INF\lib\spring-jdbc-4.0.6.RELEASE.jar;E:\WorkSpaces\WebSpaces\ssm-crm-new\WebRoot\WEB-INF\lib\spring-oxm-4.0.6.RELEASE.jar;E:\WorkSpaces\WebSpaces\ssm-crm-new\WebRoot\WEB-INF\lib\spring-security-core-3.2.8.RELEASE.jar;E:\WorkSpaces\WebSpaces\ssm-crm-new\WebRoot\WEB-INF\lib\spring-security-oauth2-2.0.8.RELEASE.jar;E:\WorkSpaces\WebSpaces\ssm-crm-new\WebRoot\WEB-INF\lib\spring-security-web-3.2.8.RELEASE.jar;E:\WorkSpaces\WebSpaces\ssm-crm-new\WebRoot\WEB-INF\lib\spring-test-4.0.6.RELEASE.jar;E:\WorkSpaces\WebSpaces\ssm-crm-new\WebRoot\WEB-INF\lib\spring-tx-4.0.6.RELEASE.jar;E:\WorkSpaces\WebSpaces\ssm-crm-new\WebRoot\WEB-INF\lib\spring-web-4.0.6.RELEASE.jar;E:\WorkSpaces\WebSpaces\ssm-crm-new\WebRoot\WEB-INF\lib\spring-webmvc-4.0.6.RELEASE.jar;E:\WorkSpaces\WebSpaces\ssm-crm-new\WebRoot\WEB-INF\lib\standard-1.1.2.jar;E:\WorkSpaces\WebSpaces\ssm-crm-new\WebRoot\WEB-INF\lib\swagger-annotations-1.3.11.jar;E:\WorkSpaces\WebSpaces\ssm-crm-new\WebRoot\WEB-INF\lib\swagger-models-1.0.2.jar;E:\WorkSpaces\WebSpaces\ssm-crm-new\WebRoot\WEB-INF\lib\swagger-springmvc-1.0.2.jar;E:\WorkSpaces\WebSpaces\ssm-crm-new\WebRoot\WEB-INF\lib\xmlpull_1_0_5.jar;E:\WorkSpaces\WebSpaces\ssm-crm-new\WebRoot\WEB-INF\lib\xstream-1.4.3.jar;E:\WorkSpaces\WebSpaces\ssm-crm-new\WebRoot\WEB-INF\lib\zxing-core-3.2.0.jar;E:\WorkSpaces\WebSpaces\ssm-crm-new\WebRoot\WEB-INF\lib\zxing-javase-3.2.0.jar;E:\Programs\apache-tomcat-7.0.67\lib\annotations-api.jar;E:\Programs\apache-tomcat-7.0.67\lib\catalina-ant.jar;E:\Programs\apache-tomcat-7.0.67\lib\catalina-ha.jar;E:\Programs\apache-tomcat-7.0.67\lib\catalina-tribes.jar;E:\Programs\apache-tomcat-7.0.67\lib\catalina.jar;E:\Programs\apache-tomcat-7.0.67\lib\ecj-4.4.2.jar;E:\Programs\apache-tomcat-7.0.67\lib\el-api.jar;E:\Programs\apache-tomcat-7.0.67\lib\jasper-el.jar;E:\Programs\apache-tomcat-7.0.67\lib\jasper.jar;E:\Programs\apache-tomcat-7.0.67\lib\jsp-api.jar;E:\Programs\apache-tomcat-7.0.67\lib\servlet-api.jar;E:\Programs\apache-tomcat-7.0.67\lib\tomcat-api.jar;E:\Programs\apache-tomcat-7.0.67\lib\tomcat-coyote.jar;E:\Programs\apache-tomcat-7.0.67\lib\tomcat-dbcp.jar;E:\Programs\apache-tomcat-7.0.67\lib\tomcat-i18n-es.jar;E:\Programs\apache-tomcat-7.0.67\lib\tomcat-i18n-fr.jar;E:\Programs\apache-tomcat-7.0.67\lib\tomcat-i18n-ja.jar;E:\Programs\apache-tomcat-7.0.67\lib\tomcat-jdbc.jar;E:\Programs\apache-tomcat-7.0.67\lib\tomcat-util.jar;E:\Programs\apache-tomcat-7.0.67\lib\tomcat7-websocket.jar;E:\Programs\apache-tomcat-7.0.67\lib\websocket-api.jar
2016-08-31 10:22:12 [org.apache.commons.httpclient.HttpClient:75] - Operating system name: Windows 8.1
2016-08-31 10:22:12 [org.apache.commons.httpclient.HttpClient:76] - Operating system architecture: amd64
2016-08-31 10:22:12 [org.apache.commons.httpclient.HttpClient:77] - Operating system version: 6.3
2016-08-31 10:22:12 [org.apache.commons.httpclient.HttpClient:82] - SUN 1.7: SUN (DSA key/parameter generation; DSA signing; SHA-1, MD5 digests; SecureRandom; X.509 certificates; JKS keystore; PKIX CertPathValidator; PKIX CertPathBuilder; LDAP, Collection CertStores, JavaPolicy Policy; JavaLoginConfig Configuration)
2016-08-31 10:22:12 [org.apache.commons.httpclient.HttpClient:82] - SunRsaSign 1.7: Sun RSA signature provider
2016-08-31 10:22:12 [org.apache.commons.httpclient.HttpClient:82] - SunEC 1.7: Sun Elliptic Curve provider (EC, ECDSA, ECDH)
2016-08-31 10:22:12 [org.apache.commons.httpclient.HttpClient:82] - SunJSSE 1.7: Sun JSSE provider(PKCS12, SunX509 key/trust factories, SSLv3, TLSv1)
2016-08-31 10:22:12 [org.apache.commons.httpclient.HttpClient:82] - SunJCE 1.7: SunJCE Provider (implements RSA, DES, Triple DES, AES, Blowfish, ARCFOUR, RC2, PBE, Diffie-Hellman, HMAC)
2016-08-31 10:22:12 [org.apache.commons.httpclient.HttpClient:82] - SunJGSS 1.7: Sun (Kerberos v5, SPNEGO)
2016-08-31 10:22:12 [org.apache.commons.httpclient.HttpClient:82] - SunSASL 1.7: Sun SASL provider(implements client mechanisms for: DIGEST-MD5, GSSAPI, EXTERNAL, PLAIN, CRAM-MD5, NTLM; server mechanisms for: DIGEST-MD5, GSSAPI, CRAM-MD5, NTLM)
2016-08-31 10:22:12 [org.apache.commons.httpclient.HttpClient:82] - XMLDSig 1.0: XMLDSig (DOM XMLSignatureFactory; DOM KeyInfoFactory)
2016-08-31 10:22:12 [org.apache.commons.httpclient.HttpClient:82] - SunPCSC 1.7: Sun PC/SC provider
2016-08-31 10:22:12 [org.apache.commons.httpclient.HttpClient:82] - SunMSCAPI 1.7: Sun's Microsoft Crypto API provider
2016-08-31 10:22:12 [org.apache.commons.httpclient.params.DefaultHttpParams:151] - Set parameter http.useragent = Jakarta Commons-HttpClient/3.1
2016-08-31 10:22:12 [org.apache.commons.httpclient.params.DefaultHttpParams:151] - Set parameter http.protocol.version = HTTP/1.1
2016-08-31 10:22:12 [org.apache.commons.httpclient.params.DefaultHttpParams:151] - Set parameter http.connection-manager.class = class org.apache.commons.httpclient.SimpleHttpConnectionManager
2016-08-31 10:22:12 [org.apache.commons.httpclient.params.DefaultHttpParams:151] - Set parameter http.protocol.cookie-policy = default
2016-08-31 10:22:12 [org.apache.commons.httpclient.params.DefaultHttpParams:151] - Set parameter http.protocol.element-charset = US-ASCII
2016-08-31 10:22:12 [org.apache.commons.httpclient.params.DefaultHttpParams:151] - Set parameter http.protocol.content-charset = ISO-8859-1
2016-08-31 10:22:12 [org.apache.commons.httpclient.params.DefaultHttpParams:151] - Set parameter http.method.retry-handler = org.apache.commons.httpclient.DefaultHttpMethodRetryHandler@499fcbfd
2016-08-31 10:22:12 [org.apache.commons.httpclient.params.DefaultHttpParams:151] - Set parameter http.dateparser.patterns = [EEE, dd MMM yyyy HH:mm:ss zzz, EEEE, dd-MMM-yy HH:mm:ss zzz, EEE MMM d HH:mm:ss yyyy, EEE, dd-MMM-yyyy HH:mm:ss z, EEE, dd-MMM-yyyy HH-mm-ss z, EEE, dd MMM yy HH:mm:ss z, EEE dd-MMM-yyyy HH:mm:ss z, EEE dd MMM yyyy HH:mm:ss z, EEE dd-MMM-yyyy HH-mm-ss z, EEE dd-MMM-yy HH:mm:ss z, EEE dd MMM yy HH:mm:ss z, EEE,dd-MMM-yy HH:mm:ss z, EEE,dd-MMM-yyyy HH:mm:ss z, EEE, dd-MM-yyyy HH:mm:ss z]
2016-08-31 10:22:12 [org.apache.commons.httpclient.HttpConnection:692] - Open connection to 222.73.117.169:80
2016-08-31 10:22:13 [org.apache.commons.httpclient.Wire:70] - >> "GET /msg/HttpBatchSendSM?account=N5765669&pswd=Ps0959a2&mobile=15071493575&needstatus=true&msg=%E3%80%90%E4%B8%80%E5%93%81%E5%85%91%E5%A5%96%E7%BD%91%E3%80%91%E9%AA%8C%E8%AF%81%E7%A0%81123456%EF%BC%8C%E6%82%A8%E6%AD%A3%E5%9C%A8%E8%BF%9B%E8%A1%8C%E6%89%8B%E6%9C%BA%E6%B3%A8%E5%86%8C%EF%BC%8C%E5%88%87%E5%8B%BF%E5%B0%86%E9%AA%8C%E8%AF%81%E7%A0%81%E6%B3%84%E9%9C%B2%E4%BA%8E%E4%BB%96%E4%BA%BA%E3%80%82&extno= HTTP/1.1[\r][\n]"
2016-08-31 10:22:13 [org.apache.commons.httpclient.HttpMethodBase:1352] - Adding Host request header
2016-08-31 10:22:13 [org.apache.commons.httpclient.Wire:70] - >> "User-Agent: Jakarta Commons-HttpClient/3.1[\r][\n]"
2016-08-31 10:22:13 [org.apache.commons.httpclient.Wire:70] - >> "Host: 222.73.117.169[\r][\n]"
2016-08-31 10:22:13 [org.apache.commons.httpclient.Wire:70] - >> "[\r][\n]"
2016-08-31 10:22:13 [org.apache.commons.httpclient.Wire:70] - << "HTTP/1.1 200 OK[\r][\n]"
2016-08-31 10:22:13 [org.apache.commons.httpclient.Wire:70] - << "HTTP/1.1 200 OK[\r][\n]"
2016-08-31 10:22:13 [org.apache.commons.httpclient.Wire:70] - << "Server: Apache-Coyote/1.1[\r][\n]"
2016-08-31 10:22:13 [org.apache.commons.httpclient.Wire:70] - << "Cache-Control: no-store[\r][\n]"
2016-08-31 10:22:13 [org.apache.commons.httpclient.Wire:70] - << "Expires: 0[\r][\n]"
2016-08-31 10:22:13 [org.apache.commons.httpclient.Wire:70] - << "Content-Type: text/plain;charset=UTF-8[\r][\n]"
2016-08-31 10:22:13 [org.apache.commons.httpclient.Wire:70] - << "Transfer-Encoding: chunked[\r][\n]"
2016-08-31 10:22:13 [org.apache.commons.httpclient.Wire:70] - << "Date: Wed, 31 Aug 2016 02:22:17 GMT[\r][\n]"
2016-08-31 10:22:13 [org.apache.commons.httpclient.Wire:70] - << "[\r][\n]"
2016-08-31 10:22:13 [org.apache.commons.httpclient.Wire:84] - << "1"
2016-08-31 10:22:13 [org.apache.commons.httpclient.Wire:84] - << "2"
2016-08-31 10:22:13 [org.apache.commons.httpclient.Wire:84] - << "[\r]"
2016-08-31 10:22:13 [org.apache.commons.httpclient.Wire:70] - << "[\n]"
2016-08-31 10:22:13 [org.apache.commons.httpclient.Wire:84] - << "20160831102217,101"
2016-08-31 10:22:13 [org.apache.commons.httpclient.Wire:84] - << "[\r]"
2016-08-31 10:22:13 [org.apache.commons.httpclient.Wire:70] - << "[\n]"
2016-08-31 10:22:13 [org.apache.commons.httpclient.Wire:84] - << "0"
2016-08-31 10:22:13 [org.apache.commons.httpclient.Wire:84] - << "[\r]"
2016-08-31 10:22:13 [org.apache.commons.httpclient.Wire:70] - << "[\n]"
2016-08-31 10:22:13 [org.apache.commons.httpclient.Wire:84] - << "[\r]"
2016-08-31 10:22:13 [org.apache.commons.httpclient.Wire:70] - << "[\n]"
2016-08-31 10:22:13 [org.apache.commons.httpclient.Wire:70] - << "[\r][\n]"
2016-08-31 10:22:13 [org.apache.commons.httpclient.HttpMethodBase:1024] - Resorting to protocol version default close connection policy
2016-08-31 10:22:13 [org.apache.commons.httpclient.HttpMethodBase:1028] - Should NOT close connection, using HTTP/1.1
2016-08-31 10:22:13 [org.apache.commons.httpclient.HttpConnection:1178] - Releasing connection back to connection manager.
